#
# There is insufficient memory for the Java Runtime Environment to continue.
# Native memory allocation (malloc) failed to allocate 32744 bytes for ChunkPool::allocate
# Possible reasons:
#   The system is out of physical RAM or swap space
#   The process is running with CompressedOops enabled, and the Java Heap may be blocking the growth of the native heap
# Possible solutions:
#   Reduce memory load on the system
#   Increase physical memory or swap space
#   Check if swap backing store is full
#   Decrease Java heap size (-Xmx/-Xms)
#   Decrease number of Java threads
#   Decrease Java thread stack sizes (-Xss)
#   Set larger code cache with -XX:ReservedCodeCacheSize=
#   JVM is running with Unscaled Compressed Oops mode in which the Java heap is
#     placed in the first 4GB address space. The Java Heap base address is the
#     maximum limit for the native heap growth. Please use -XX:HeapBaseMinAddress
#     to set the Java Heap base and to place the Java Heap above 4GB virtual address.
# This output file may be truncated or incomplete.
#
#  Out of Memory Error (allocation.cpp:272), pid=1064, tid=0x00000000000030e0
#
# JRE version: OpenJDK Runtime Environment (8.0_202-b03) (build 1.8.0_202-release-1483-b03)
# Java VM: OpenJDK 64-Bit Server VM (25.202-b03 mixed mode windows-amd64 compressed oops)
# Failed to write core dump. Minidumps are not enabled by default on client versions of Windows
#

---------------  T H R E A D  ---------------

Current thread (0x00000000160c2800):  JavaThread "C2 CompilerThread1" daemon [_thread_in_native, id=12512, stack(0x0000000017830000,0x0000000017930000)]

Stack: [0x0000000017830000,0x0000000017930000]
[error occurred during error reporting (printing stack bounds), id 0xc0000005]

Native frames: (J=compiled Java code, j=interpreted, Vv=VM code, C=native code)


Current CompileTask:
C2:  22050 4352   !   4       java.util.jar.Attributes::read (380 bytes)


---------------  P R O C E S S  ---------------

Java Threads: ( => current thread )
  0x000000001c4c6000 JavaThread "Memory manager" [_thread_blocked, id=10292, stack(0x0000000020c60000,0x0000000020d60000)]
  0x000000001c3a6800 JavaThread "pool-1-thread-1" [_thread_blocked, id=4948, stack(0x0000000020960000,0x0000000020a60000)]
  0x000000001c3a0800 JavaThread "File lock release action executor" [_thread_blocked, id=7196, stack(0x0000000020460000,0x0000000020560000)]
  0x000000001c3a7800 JavaThread "Build operations Thread 4" [_thread_blocked, id=8140, stack(0x0000000020360000,0x0000000020460000)]
  0x000000001c3a4000 JavaThread "Build operations Thread 3" [_thread_blocked, id=8304, stack(0x0000000020260000,0x0000000020360000)]
  0x000000001c3a3800 JavaThread "Build operations Thread 2" [_thread_blocked, id=5400, stack(0x0000000020160000,0x0000000020260000)]
  0x000000001c3a2000 JavaThread "Build operations" [_thread_blocked, id=184, stack(0x0000000020060000,0x0000000020160000)]
  0x000000001c3a5000 JavaThread "Cache worker for Artifact transforms cache (C:\Users\DELL\.gradle\caches\transforms-1)" [_thread_blocked, id=6016, stack(0x000000001e4b0000,0x000000001e5b0000)]
  0x000000001c3a2800 JavaThread "Cache worker for file hash cache (C:\Users\DELL\AndroidStudioProjects\CRUDMySQL\.gradle\4.6\fileHashes)" [_thread_blocked, id=2960, stack(0x000000001dfb0000,0x000000001e0b0000)]
  0x000000001b6e2800 JavaThread "File lock request listener" [_thread_in_native, id=3396, stack(0x000000001cb20000,0x000000001cc20000)]
  0x0000000018eeb800 JavaThread "Cache worker for file hash cache (C:\Users\DELL\.gradle\caches\4.6\fileHashes)" [_thread_blocked, id=4872, stack(0x000000001ca20000,0x000000001cb20000)]
  0x000000001821f800 JavaThread "Stdin handler" [_thread_blocked, id=812, stack(0x000000001a780000,0x000000001a880000)]
  0x0000000018198800 JavaThread "Asynchronous log dispatcher for DefaultDaemonConnection: socket connection from /127.0.0.1:50065 to /127.0.0.1:50066" [_thread_blocked, id=9972, stack(0x000000001a680000,0x000000001a780000)]
  0x0000000018196000 JavaThread "Daemon worker" [_thread_in_Java, id=9928, stack(0x000000001a580000,0x000000001a680000)]
  0x00000000180bf800 JavaThread "Cancel handler" [_thread_blocked, id=9916, stack(0x000000001a480000,0x000000001a580000)]
  0x0000000017b8c800 JavaThread "Handler for socket connection from /127.0.0.1:50065 to /127.0.0.1:50066" [_thread_in_native, id=6196, stack(0x000000001a180000,0x000000001a280000)]
  0x0000000017b89800 JavaThread "Daemon" [_thread_blocked, id=6296, stack(0x000000001a080000,0x000000001a180000)]
  0x0000000017be3000 JavaThread "Daemon periodic checks" [_thread_blocked, id=6532, stack(0x0000000019f80000,0x000000001a080000)]
  0x0000000017be0800 JavaThread "Incoming local TCP Connector on port 50065" [_thread_in_native, id=10100, stack(0x0000000019d40000,0x0000000019e40000)]
  0x000000001611e000 JavaThread "Service Thread" daemon [_thread_blocked, id=10868, stack(0x0000000017e30000,0x0000000017f30000)]
  0x00000000160ca800 JavaThread "C1 CompilerThread2" daemon [_thread_blocked, id=8196, stack(0x0000000017930000,0x0000000017a30000)]
=>0x00000000160c2800 JavaThread "C2 CompilerThread1" daemon [_thread_in_native, id=12512, stack(0x0000000017830000,0x0000000017930000)]
  0x00000000160bb800 JavaThread "C2 CompilerThread0" daemon [_thread_in_native, id=13248, stack(0x0000000017730000,0x0000000017830000)]
  0x00000000160ba000 JavaThread "Attach Listener" daemon [_thread_blocked, id=12772, stack(0x0000000017630000,0x0000000017730000)]
  0x00000000160b8800 JavaThread "Signal Dispatcher" daemon [_thread_blocked, id=8556, stack(0x0000000017530000,0x0000000017630000)]
  0x000000000274a800 JavaThread "Finalizer" daemon [_thread_blocked, id=6228, stack(0x0000000017330000,0x0000000017430000)]
  0x00000000160a9000 JavaThread "Reference Handler" daemon [_thread_blocked, id=1692, stack(0x0000000017230000,0x0000000017330000)]
  0x000000000264d800 JavaThread "main" [_thread_blocked, id=4756, stack(0x0000000002410000,0x0000000002510000)]

Other Threads:
  0x0000000016086000 VMThread [stack: 0x0000000017130000,0x0000000017230000] [id=4472]
  0x0000000017a30800 WatcherThread [stack: 0x0000000017f30000,0x0000000018030000] [id=8712]

VM state:not at safepoint (normal execution)

VM Mutex/Monitor currently owned by a thread: None

heap address: 0x00000000a0000000, size: 1536 MB, Compressed Oops mode: 32-bit
Narrow klass base: 0x0000000000000000, Narrow klass shift: 3
Compressed class space size: 1073741824 Address: 0x0000000100000000

Heap:
 PSYoungGen      total 232960K, used 95108K [0x00000000e0000000, 0x00000000ef780000, 0x0000000100000000)
  eden space 221696K, 42% used [0x00000000e0000000,0x00000000e5ce1230,0x00000000ed880000)
  from space 11264K, 0% used [0x00000000eec80000,0x00000000eec80000,0x00000000ef780000)
  to   space 15872K, 0% used [0x00000000ed880000,0x00000000ed880000,0x00000000ee800000)
 ParOldGen       total 89600K, used 17929K [0x00000000a0000000, 0x00000000a5780000, 0x00000000e0000000)
  object space 89600K, 20% used [0x00000000a0000000,0x00000000a1182598,0x00000000a5780000)
 Metaspace       used 42622K, capacity 43394K, committed 43608K, reserved 1087488K
  class space    used 5691K, capacity 5921K, committed 5976K, reserved 1048576K

Card table byte_map: [0x0000000011b10000,0x0000000011e20000] byte_map_base: 0x0000000011610000

Marking Bits: (ParMarkBitMap*) 0x0000000056059f30
 Begin Bits: [0x0000000012420000, 0x0000000013c20000)
 End Bits:   [0x0000000013c20000, 0x0000000015420000)

Polling page: 0x0000000000810000

CodeCache: size=245760Kb used=13946Kb max_used=13946Kb free=231813Kb
 bounds [0x0000000002750000, 0x0000000003500000, 0x0000000011750000]
 total_blobs=4717 nmethods=3990 adapters=639
 compilation: enabled

Compilation events (10 events):
Event: 21.998 Thread 0x00000000160ca800 4406       3       java.util.jar.Manifest::read (328 bytes)
Event: 22.000 Thread 0x00000000160ca800 nmethod 4406 0x00000000034f3890 code [0x00000000034f3c20, 0x00000000034f5698]
Event: 22.037 Thread 0x00000000160ca800 4412       2       java.lang.ThreadLocal$ThreadLocalMap::cleanSomeSlots (60 bytes)
Event: 22.037 Thread 0x00000000160ca800 nmethod 4412 0x00000000034f6650 code [0x00000000034f67c0, 0x00000000034f6a28]
Event: 22.037 Thread 0x00000000160ca800 4413       2       java.util.Arrays::equals (54 bytes)
Event: 22.038 Thread 0x00000000160ca800 nmethod 4413 0x00000000034f6bd0 code [0x00000000034f6d40, 0x00000000034f6f70]
Event: 22.038 Thread 0x00000000160ca800 4414       2       sun.security.util.DerInputBuffer::<init> (16 bytes)
Event: 22.038 Thread 0x00000000160ca800 nmethod 4414 0x00000000034f7090 code [0x00000000034f71e0, 0x00000000034f7370]
Event: 22.039 Thread 0x00000000160ca800 4415       2       sun.security.util.DerValue::init (207 bytes)
Event: 22.040 Thread 0x00000000160ca800 nmethod 4415 0x00000000034f7450 code [0x00000000034f76a0, 0x00000000034f81f8]

GC Heap History (10 events):
Event: 11.324 GC heap before
{Heap before GC invocations=4 (full 0):
 PSYoungGen      total 71680K, used 35706K [0x00000000e0000000, 0x00000000e8c00000, 0x0000000100000000)
  eden space 66560K, 45% used [0x00000000e0000000,0x00000000e1dde940,0x00000000e4100000)
  from space 5120K, 100% used [0x00000000e4100000,0x00000000e4600000,0x00000000e4600000)
  to   space 5120K, 0% used [0x00000000e8700000,0x00000000e8700000,0x00000000e8c00000)
 ParOldGen       total 87552K, used 5482K [0x00000000a0000000, 0x00000000a5580000, 0x00000000e0000000)
  object space 87552K, 6% used [0x00000000a0000000,0x00000000a055a970,0x00000000a5580000)
 Metaspace       used 20758K, capacity 21160K, committed 21248K, reserved 1067008K
  class space    used 2895K, capacity 3042K, committed 3072K, reserved 1048576K
Event: 11.375 GC heap after
Heap after GC invocations=4 (full 0):
 PSYoungGen      total 138240K, used 5091K [0x00000000e0000000, 0x00000000e8c00000, 0x0000000100000000)
  eden space 133120K, 0% used [0x00000000e0000000,0x00000000e0000000,0x00000000e8200000)
  from space 5120K, 99% used [0x00000000e8700000,0x00000000e8bf8f08,0x00000000e8c00000)
  to   space 5120K, 0% used [0x00000000e8200000,0x00000000e8200000,0x00000000e8700000)
 ParOldGen       total 87552K, used 9497K [0x00000000a0000000, 0x00000000a5580000, 0x00000000e0000000)
  object space 87552K, 10% used [0x00000000a0000000,0x00000000a0946450,0x00000000a5580000)
 Metaspace       used 20758K, capacity 21160K, committed 21248K, reserved 1067008K
  class space    used 2895K, capacity 3042K, committed 3072K, reserved 1048576K
}
Event: 11.375 GC heap before
{Heap before GC invocations=5 (full 1):
 PSYoungGen      total 138240K, used 5091K [0x00000000e0000000, 0x00000000e8c00000, 0x0000000100000000)
  eden space 133120K, 0% used [0x00000000e0000000,0x00000000e0000000,0x00000000e8200000)
  from space 5120K, 99% used [0x00000000e8700000,0x00000000e8bf8f08,0x00000000e8c00000)
  to   space 5120K, 0% used [0x00000000e8200000,0x00000000e8200000,0x00000000e8700000)
 ParOldGen       total 87552K, used 9497K [0x00000000a0000000, 0x00000000a5580000, 0x00000000e0000000)
  object space 87552K, 10% used [0x00000000a0000000,0x00000000a0946450,0x00000000a5580000)
 Metaspace       used 20758K, capacity 21160K, committed 21248K, reserved 1067008K
  class space    used 2895K, capacity 3042K, committed 3072K, reserved 1048576K
Event: 11.450 GC heap after
Heap after GC invocations=5 (full 1):
 PSYoungGen      total 138240K, used 0K [0x00000000e0000000, 0x00000000e8c00000, 0x0000000100000000)
  eden space 133120K, 0% used [0x00000000e0000000,0x00000000e0000000,0x00000000e8200000)
  from space 5120K, 0% used [0x00000000e8700000,0x00000000e8700000,0x00000000e8c00000)
  to   space 5120K, 0% used [0x00000000e8200000,0x00000000e8200000,0x00000000e8700000)
 ParOldGen       total 57856K, used 9187K [0x00000000a0000000, 0x00000000a3880000, 0x00000000e0000000)
  object space 57856K, 15% used [0x00000000a0000000,0x00000000a08f8c70,0x00000000a3880000)
 Metaspace       used 20758K, capacity 21160K, committed 21248K, reserved 1067008K
  class space    used 2895K, capacity 3042K, committed 3072K, reserved 1048576K
}
Event: 16.989 GC heap before
{Heap before GC invocations=6 (full 1):
 PSYoungGen      total 138240K, used 133120K [0x00000000e0000000, 0x00000000e8c00000, 0x0000000100000000)
  eden space 133120K, 100% used [0x00000000e0000000,0x00000000e8200000,0x00000000e8200000)
  from space 5120K, 0% used [0x00000000e8700000,0x00000000e8700000,0x00000000e8c00000)
  to   space 5120K, 0% used [0x00000000e8200000,0x00000000e8200000,0x00000000e8700000)
 ParOldGen       total 57856K, used 9187K [0x00000000a0000000, 0x00000000a3880000, 0x00000000e0000000)
  object space 57856K, 15% used [0x00000000a0000000,0x00000000a08f8c70,0x00000000a3880000)
 Metaspace       used 32484K, capacity 33138K, committed 33280K, reserved 1077248K
  class space    used 4374K, capacity 4569K, committed 4608K, reserved 1048576K
Event: 17.012 GC heap after
Heap after GC invocations=6 (full 1):
 PSYoungGen      total 138240K, used 5104K [0x00000000e0000000, 0x00000000efc00000, 0x0000000100000000)
  eden space 133120K, 0% used [0x00000000e0000000,0x00000000e0000000,0x00000000e8200000)
  from space 5120K, 99% used [0x00000000e8200000,0x00000000e86fc010,0x00000000e8700000)
  to   space 15872K, 0% used [0x00000000eec80000,0x00000000eec80000,0x00000000efc00000)
 ParOldGen       total 57856K, used 18319K [0x00000000a0000000, 0x00000000a3880000, 0x00000000e0000000)
  object space 57856K, 31% used [0x00000000a0000000,0x00000000a11e3c70,0x00000000a3880000)
 Metaspace       used 32484K, capacity 33138K, committed 33280K, reserved 1077248K
  class space    used 4374K, capacity 4569K, committed 4608K, reserved 1048576K
}
Event: 19.734 GC heap before
{Heap before GC invocations=7 (full 1):
 PSYoungGen      total 138240K, used 61451K [0x00000000e0000000, 0x00000000efc00000, 0x0000000100000000)
  eden space 133120K, 42% used [0x00000000e0000000,0x00000000e3706dc8,0x00000000e8200000)
  from space 5120K, 99% used [0x00000000e8200000,0x00000000e86fc010,0x00000000e8700000)
  to   space 15872K, 0% used [0x00000000eec80000,0x00000000eec80000,0x00000000efc00000)
 ParOldGen       total 57856K, used 18319K [0x00000000a0000000, 0x00000000a3880000, 0x00000000e0000000)
  object space 57856K, 31% used [0x00000000a0000000,0x00000000a11e3c70,0x00000000a3880000)
 Metaspace       used 34709K, capacity 35364K, committed 35416K, reserved 1079296K
  class space    used 4735K, capacity 4926K, committed 4952K, reserved 1048576K
Event: 19.752 GC heap after
Heap after GC invocations=7 (full 1):
 PSYoungGen      total 232960K, used 10055K [0x00000000e0000000, 0x00000000ef780000, 0x0000000100000000)
  eden space 221696K, 0% used [0x00000000e0000000,0x00000000e0000000,0x00000000ed880000)
  from space 11264K, 89% used [0x00000000eec80000,0x00000000ef651f98,0x00000000ef780000)
  to   space 15872K, 0% used [0x00000000ed880000,0x00000000ed880000,0x00000000ee800000)
 ParOldGen       total 57856K, used 18327K [0x00000000a0000000, 0x00000000a3880000, 0x00000000e0000000)
  object space 57856K, 31% used [0x00000000a0000000,0x00000000a11e5c70,0x00000000a3880000)
 Metaspace       used 34709K, capacity 35364K, committed 35416K, reserved 1079296K
  class space    used 4735K, capacity 4926K, committed 4952K, reserved 1048576K
}
Event: 19.752 GC heap before
{Heap before GC invocations=8 (full 2):
 PSYoungGen      total 232960K, used 10055K [0x00000000e0000000, 0x00000000ef780000, 0x0000000100000000)
  eden space 221696K, 0% used [0x00000000e0000000,0x00000000e0000000,0x00000000ed880000)
  from space 11264K, 89% used [0x00000000eec80000,0x00000000ef651f98,0x00000000ef780000)
  to   space 15872K, 0% used [0x00000000ed880000,0x00000000ed880000,0x00000000ee800000)
 ParOldGen       total 57856K, used 18327K [0x00000000a0000000, 0x00000000a3880000, 0x00000000e0000000)
  object space 57856K, 31% used [0x00000000a0000000,0x00000000a11e5c70,0x00000000a3880000)
 Metaspace       used 34709K, capacity 35364K, committed 35416K, reserved 1079296K
  class space    used 4735K, capacity 4926K, committed 4952K, reserved 1048576K
Event: 19.879 GC heap after
Heap after GC invocations=8 (full 2):
 PSYoungGen      total 232960K, used 0K [0x00000000e0000000, 0x00000000ef780000, 0x0000000100000000)
  eden space 221696K, 0% used [0x00000000e0000000,0x00000000e0000000,0x00000000ed880000)
  from space 11264K, 0% used [0x00000000eec80000,0x00000000eec80000,0x00000000ef780000)
  to   space 15872K, 0% used [0x00000000ed880000,0x00000000ed880000,0x00000000ee800000)
 ParOldGen       total 89600K, used 17929K [0x00000000a0000000, 0x00000000a5780000, 0x00000000e0000000)
  object space 89600K, 20% used [0x00000000a0000000,0x00000000a1182598,0x00000000a5780000)
 Metaspace       used 34664K, capacity 35264K, committed 35416K, reserved 1079296K
  class space    used 4723K, capacity 4914K, committed 4952K, reserved 1048576K
}

Deoptimization events (10 events):
Event: 21.869 Thread 0x0000000018196000 Uncommon trap: reason=unstable_if action=reinterpret pc=0x0000000002c678d4 method=java.util.jar.JarFile.maybeInstantiateVerifier()V @ 75
Event: 21.870 Thread 0x0000000018196000 Uncommon trap: reason=unstable_if action=reinterpret pc=0x0000000002c62b80 method=java.util.jar.Attributes$Name.isDigit(C)Z @ 3
Event: 21.925 Thread 0x0000000018196000 Uncommon trap: reason=unstable_if action=reinterpret pc=0x0000000002bfc47c method=java.lang.CharacterDataLatin1.isWhitespace(I)Z @ 14
Event: 21.987 Thread 0x0000000018196000 Uncommon trap: reason=unstable_if action=reinterpret pc=0x0000000002d91238 method=java.util.jar.JarFile.maybeInstantiateVerifier()V @ 4
Event: 21.990 Thread 0x0000000018196000 Uncommon trap: reason=unstable_if action=reinterpret pc=0x00000000032ea914 method=java.util.jar.JarFile.maybeInstantiateVerifier()V @ 4
Event: 21.990 Thread 0x0000000018196000 Uncommon trap: reason=unstable_if action=reinterpret pc=0x00000000032e8bf0 method=java.security.CodeSource.<init>(Ljava/net/URL;[Ljava/security/CodeSigner;)V @ 25
Event: 21.992 Thread 0x0000000018196000 Uncommon trap: reason=unstable_if action=reinterpret pc=0x0000000002b061ac method=java.security.CodeSource.getCertificates()[Ljava/security/cert/Certificate; @ 22
Event: 21.992 Thread 0x0000000018196000 Uncommon trap: reason=unstable_if action=reinterpret pc=0x000000000324ac20 method=java.util.jar.JarFile.maybeInstantiateVerifier()V @ 4
Event: 21.993 Thread 0x0000000018196000 Uncommon trap: reason=unstable_if action=reinterpret pc=0x0000000002d6b930 method=java.security.CodeSource.matchCerts(Ljava/security/CodeSource;Z)Z @ 11
Event: 22.038 Thread 0x0000000018196000 Uncommon trap: reason=unstable_if action=reinterpret pc=0x000000000292bb38 method=java.util.LinkedHashMap.get(Ljava/lang/Object;)Ljava/lang/Object; @ 20

Classes redefined (0 events):
No events

Internal exceptions (10 events):
Event: 19.651 Thread 0x0000000018196000 Exception <a 'java/lang/ClassNotFoundException': org/gradle/api/internal/AbstractTaskCustomizer> (0x00000000e321ff28) thrown at [D:\src\AOSP-openjdk-cygwin\jdk8u\hotspot\src\share\vm\classfile\systemDictionary.cpp, line 210]
Event: 19.655 Thread 0x0000000018196000 Exception <a 'java/lang/ClassNotFoundException': org/gradle/api/DefaultTaskCustomizer> (0x00000000e32a8fe0) thrown at [D:\src\AOSP-openjdk-cygwin\jdk8u\hotspot\src\share\vm\classfile\systemDictionary.cpp, line 210]
Event: 19.656 Thread 0x0000000018196000 Exception <a 'java/lang/ClassNotFoundException': org/gradle/api/internal/ConventionTaskCustomizer> (0x00000000e32e5170) thrown at [D:\src\AOSP-openjdk-cygwin\jdk8u\hotspot\src\share\vm\classfile\systemDictionary.cpp, line 210]
Event: 19.658 Thread 0x0000000018196000 Exception <a 'java/lang/ClassNotFoundException': org/gradle/api/tasks/DeleteCustomizer> (0x00000000e331eba8) thrown at [D:\src\AOSP-openjdk-cygwin\jdk8u\hotspot\src\share\vm\classfile\systemDictionary.cpp, line 210]
Event: 19.665 Thread 0x0000000018196000 Exception <a 'java/lang/ClassNotFoundException': org/gradle/api/tasks/Delete_DecoratedCustomizer> (0x00000000e33667e0) thrown at [D:\src\AOSP-openjdk-cygwin\jdk8u\hotspot\src\share\vm\classfile\systemDictionary.cpp, line 210]
Event: 19.717 Thread 0x0000000018196000 Exception <a 'java/lang/ClassNotFoundException': build_7e7srrc2proem1qcxeit3jfqnBeanInfo> (0x00000000e346dc90) thrown at [D:\src\AOSP-openjdk-cygwin\jdk8u\hotspot\src\share\vm\classfile\systemDictionary.cpp, line 210]
Event: 19.718 Thread 0x0000000018196000 Exception <a 'java/lang/ClassNotFoundException': build_7e7srrc2proem1qcxeit3jfqnCustomizer> (0x00000000e3478688) thrown at [D:\src\AOSP-openjdk-cygwin\jdk8u\hotspot\src\share\vm\classfile\systemDictionary.cpp, line 210]
Event: 20.158 Thread 0x0000000018196000 Implicit null exception at 0x0000000003349795 to 0x000000000334df75
Event: 20.275 Thread 0x0000000018196000 Exception <a 'sun/nio/fs/WindowsException'> (0x00000000e0ec4cb8) thrown at [D:\src\AOSP-openjdk-cygwin\jdk8u\hotspot\src\share\vm\prims\jni.cpp, line 710]
Event: 20.636 Thread 0x0000000018196000 Exception <a 'sun/nio/fs/WindowsException'> (0x00000000e1c1c018) thrown at [D:\src\AOSP-openjdk-cygwin\jdk8u\hotspot\src\share\vm\prims\jni.cpp, line 710]

Events (10 events):
Event: 21.992 Thread 0x0000000018196000 DEOPT PACKING pc=0x000000000324ac20 sp=0x000000001a676560
Event: 21.992 Thread 0x0000000018196000 DEOPT UNPACKING pc=0x000000000279557b sp=0x000000001a6764d8 mode 2
Event: 21.993 Thread 0x0000000018196000 Uncommon trap: trap_request=0xffffff65 fr.pc=0x0000000002d6b930
Event: 21.993 Thread 0x0000000018196000 DEOPT PACKING pc=0x0000000002d6b930 sp=0x000000001a676500
Event: 21.993 Thread 0x0000000018196000 DEOPT UNPACKING pc=0x000000000279557b sp=0x000000001a676470 mode 2
Event: 21.993 loading class org/bouncycastle/jce/provider/BouncyCastleProvider
Event: 21.993 loading class org/bouncycastle/jce/provider/BouncyCastleProvider done
Event: 22.038 Thread 0x0000000018196000 Uncommon trap: trap_request=0xffffff65 fr.pc=0x000000000292bb38
Event: 22.038 Thread 0x0000000018196000 DEOPT PACKING pc=0x000000000292bb38 sp=0x000000001a6779a0
Event: 22.038 Thread 0x0000000018196000 DEOPT UNPACKING pc=0x000000000279557b sp=0x000000001a677960 mode 2


Dynamic libraries:
0x00007ff7eda00000 - 0x00007ff7eda31000 	C:\Program Files\Android\Android Studio\jre\bin\java.exe
0x00007ff8bce30000 - 0x00007ff8bd01d000 	C:\WINDOWS\SYSTEM32\ntdll.dll
0x00007ff8bca90000 - 0x00007ff8bcb43000 	C:\WINDOWS\System32\KERNEL32.DLL
0x00007ff8b93d0000 - 0x00007ff8b9663000 	C:\WINDOWS\System32\KERNELBASE.dll
0x00007ff8ba2d0000 - 0x00007ff8ba373000 	C:\WINDOWS\System32\ADVAPI32.dll
0x00007ff8bad30000 - 0x00007ff8badce000 	C:\WINDOWS\System32\msvcrt.dll
0x00007ff8bc9f0000 - 0x00007ff8bca8e000 	C:\WINDOWS\System32\sechost.dll
0x00007ff8badd0000 - 0x00007ff8baef2000 	C:\WINDOWS\System32\RPCRT4.dll
0x00007ff8ba130000 - 0x00007ff8ba2c7000 	C:\WINDOWS\System32\USER32.dll
0x00007ff8b8fd0000 - 0x00007ff8b8ff0000 	C:\WINDOWS\System32\win32u.dll
0x00007ff8bad00000 - 0x00007ff8bad29000 	C:\WINDOWS\System32\GDI32.dll
0x00007ff8b8ff0000 - 0x00007ff8b9189000 	C:\WINDOWS\System32\gdi32full.dll
0x00007ff8b96c0000 - 0x00007ff8b9760000 	C:\WINDOWS\System32\msvcp_win.dll
0x00007ff8b9760000 - 0x00007ff8b985a000 	C:\WINDOWS\System32\ucrtbase.dll
0x00007ff8a5f40000 - 0x00007ff8a61b9000 	C:\WINDOWS\WinSxS\amd64_microsoft.windows.common-controls_6595b64144ccf1df_6.0.17763.864_none_05b3441807210760\COMCTL32.dll
0x00007ff8ba4b0000 - 0x00007ff8ba7dc000 	C:\WINDOWS\System32\combase.dll
0x00007ff8ba0b0000 - 0x00007ff8ba12e000 	C:\WINDOWS\System32\bcryptPrimitives.dll
0x00007ff8baf00000 - 0x00007ff8baf2e000 	C:\WINDOWS\System32\IMM32.DLL
0x00000000556d0000 - 0x00000000557a2000 	C:\Program Files\Android\Android Studio\jre\jre\bin\msvcr100.dll
0x0000000055890000 - 0x00000000560d6000 	C:\Program Files\Android\Android Studio\jre\jre\bin\server\jvm.dll
0x00007ff8bc8b0000 - 0x00007ff8bc8b8000 	C:\WINDOWS\System32\PSAPI.DLL
0x00007ff8b0ac0000 - 0x00007ff8b0ac9000 	C:\WINDOWS\SYSTEM32\WSOCK32.dll
0x00007ff8bc920000 - 0x00007ff8bc98d000 	C:\WINDOWS\System32\WS2_32.dll
0x00007ff8b2bc0000 - 0x00007ff8b2be4000 	C:\WINDOWS\SYSTEM32\WINMM.dll
0x00007ff8a92a0000 - 0x00007ff8a92aa000 	C:\WINDOWS\SYSTEM32\VERSION.dll
0x00007ff8b2b90000 - 0x00007ff8b2bbd000 	C:\WINDOWS\SYSTEM32\WINMMBASE.dll
0x00007ff8b9670000 - 0x00007ff8b96ba000 	C:\WINDOWS\System32\cfgmgr32.dll
0x00007ff8ad7e0000 - 0x00007ff8ad7ef000 	C:\Program Files\Android\Android Studio\jre\jre\bin\verify.dll
0x00007ff89d990000 - 0x00007ff89d9b9000 	C:\Program Files\Android\Android Studio\jre\jre\bin\java.dll
0x00007ff89e070000 - 0x00007ff89e086000 	C:\Program Files\Android\Android Studio\jre\jre\bin\zip.dll
0x00007ff8bb3b0000 - 0x00007ff8bc8a4000 	C:\WINDOWS\System32\SHELL32.dll
0x00007ff8baaf0000 - 0x00007ff8bab98000 	C:\WINDOWS\System32\shcore.dll
0x00007ff8b9910000 - 0x00007ff8ba05d000 	C:\WINDOWS\System32\windows.storage.dll
0x00007ff8b8fa0000 - 0x00007ff8b8fc4000 	C:\WINDOWS\System32\profapi.dll
0x00007ff8b8f20000 - 0x00007ff8b8f7d000 	C:\WINDOWS\System32\powrprof.dll
0x00007ff8bc8c0000 - 0x00007ff8bc912000 	C:\WINDOWS\System32\shlwapi.dll
0x00007ff8b8f80000 - 0x00007ff8b8f91000 	C:\WINDOWS\System32\kernel.appcore.dll
0x00007ff8ba090000 - 0x00007ff8ba0a7000 	C:\WINDOWS\System32\cryptsp.dll
0x00007ff89d970000 - 0x00007ff89d98a000 	C:\Program Files\Android\Android Studio\jre\jre\bin\net.dll
0x00007ff8b8770000 - 0x00007ff8b87d7000 	C:\WINDOWS\system32\mswsock.dll
0x00007ff89d950000 - 0x00007ff89d961000 	C:\Program Files\Android\Android Studio\jre\jre\bin\nio.dll
0x00007ff8b4d50000 - 0x00007ff8b4d6e000 	C:\Users\DELL\.gradle\native\25\windows-amd64\native-platform.dll
0x00007ff8ab310000 - 0x00007ff8ab31d000 	C:\Program Files\Android\Android Studio\jre\jre\bin\management.dll
0x00007ff8b82f0000 - 0x00007ff8b8323000 	C:\WINDOWS\system32\rsaenh.dll
0x00007ff8ba060000 - 0x00007ff8ba086000 	C:\WINDOWS\System32\bcrypt.dll
0x00007ff8b8e00000 - 0x00007ff8b8e28000 	C:\WINDOWS\SYSTEM32\USERENV.dll
0x00007ff8b8940000 - 0x00007ff8b894c000 	C:\WINDOWS\SYSTEM32\CRYPTBASE.dll
0x00007ff8b8490000 - 0x00007ff8b84cd000 	C:\WINDOWS\SYSTEM32\IPHLPAPI.DLL
0x00007ff8bcb50000 - 0x00007ff8bcb58000 	C:\WINDOWS\System32\NSI.dll
0x00007ff8b2100000 - 0x00007ff8b2116000 	C:\WINDOWS\SYSTEM32\dhcpcsvc6.DLL
0x00007ff8b2d70000 - 0x00007ff8b2d8c000 	C:\WINDOWS\SYSTEM32\dhcpcsvc.DLL
0x00007ff8b84d0000 - 0x00007ff8b8596000 	C:\WINDOWS\SYSTEM32\DNSAPI.dll

VM Arguments:
jvm_args: -Xmx1536m -Dfile.encoding=windows-1252 -Duser.country=US -Duser.language=en -Duser.variant 
java_command: org.gradle.launcher.daemon.bootstrap.GradleDaemon 4.6
java_class_path (initial): C:\Users\DELL\.gradle\wrapper\dists\gradle-4.6-all\bcst21l2brirad8k2ben1letg\gradle-4.6\lib\gradle-launcher-4.6.jar
Launcher Type: SUN_STANDARD

Environment Variables:
PATH=C:\WINDOWS\system32;C:\WINDOWS;C:\WINDOWS\System32\Wbem;C:\WINDOWS\System32\WindowsPowerShell\v1.0\;C:\WINDOWS\System32\OpenSSH\;;C:\Users\DELL\AppData\Local\Microsoft\WindowsApps;C:\Users\DELL\AppData\Local\Programs\Microsoft VS Code\bin
USERNAME=DELL
OS=Windows_NT
PROCESSOR_IDENTIFIER=Intel64 Family 6 Model 69 Stepping 1, GenuineIntel



---------------  S Y S T E M  ---------------

OS: Windows 10.0 , 64 bit Build 17763 (10.0.17763.475)

CPU:total 4 (initial active 4) (2 cores per cpu, 2 threads per core) family 6 model 69 stepping 1, cmov, cx8, fxsr, mmx, sse, sse2, sse3, ssse3, sse4.1, sse4.2, popcnt, avx, avx2, aes, clmul, erms, lzcnt, ht, tsc, tscinvbit, bmi1, bmi2

Memory: 4k page, physical 8291768k(1275516k free), swap 16227636k(8120k free)

vm_info: OpenJDK 64-Bit Server VM (25.202-b03) for windows-amd64 JRE (1.8.0_202-release-1483-b03), built by "builder" with MS VC++ 10.0 (VS2010)

time: Fri Nov 22 10:04:25 2019
timezone: SE Asia Standard Time
elapsed time: 22 seconds (0d 0h 0m 22s)

