#
# There is insufficient memory for the Java Runtime Environment to continue.
# Native memory allocation (malloc) failed to allocate 32744 bytes for ChunkPool::allocate
# Possible reasons:
#   The system is out of physical RAM or swap space
#   The process is running with CompressedOops enabled, and the Java Heap may be blocking the growth of the native heap
# Possible solutions:
#   Reduce memory load on the system
#   Increase physical memory or swap space
#   Check if swap backing store is full
#   Decrease Java heap size (-Xmx/-Xms)
#   Decrease number of Java threads
#   Decrease Java thread stack sizes (-Xss)
#   Set larger code cache with -XX:ReservedCodeCacheSize=
#   JVM is running with Unscaled Compressed Oops mode in which the Java heap is
#     placed in the first 4GB address space. The Java Heap base address is the
#     maximum limit for the native heap growth. Please use -XX:HeapBaseMinAddress
#     to set the Java Heap base and to place the Java Heap above 4GB virtual address.
# This output file may be truncated or incomplete.
#
#  Out of Memory Error (allocation.cpp:272), pid=6212, tid=0x0000000000001808
#
# JRE version: OpenJDK Runtime Environment (8.0_202-b03) (build 1.8.0_202-release-1483-b03)
# Java VM: OpenJDK 64-Bit Server VM (25.202-b03 mixed mode windows-amd64 compressed oops)
# Failed to write core dump. Minidumps are not enabled by default on client versions of Windows
#

---------------  T H R E A D  ---------------

Current thread (0x0000000017ec0000):  JavaThread "Daemon worker" [_thread_in_vm, id=6152, stack(0x000000001a770000,0x000000001a870000)]

Stack: [0x000000001a770000,0x000000001a870000]
[error occurred during error reporting (printing stack bounds), id 0xc0000005]

Native frames: (J=compiled Java code, j=interpreted, Vv=VM code, C=native code)

Java frames: (J=compiled Java code, j=interpreted, Vv=VM code)
v  ~RuntimeStub::register_finalizer Runtime1 stub
J 285 C1 java.util.zip.ZipFile$ZipFileInputStream.<init>(Ljava/util/zip/ZipFile;J)V (41 bytes) @ 0x0000000002b08c3a [0x0000000002b08b20+0x11a]
J 284 C1 java.util.zip.ZipFile.getInputStream(Ljava/util/zip/ZipEntry;)Ljava/io/InputStream; (304 bytes) @ 0x0000000002b05824 [0x0000000002b052e0+0x544]
J 497 C1 java.util.jar.JarFile.getInputStream(Ljava/util/zip/ZipEntry;)Ljava/io/InputStream; (89 bytes) @ 0x0000000002b98e6c [0x0000000002b985a0+0x8cc]
J 689 C1 sun.misc.URLClassPath$JarLoader$2.getInputStream()Ljava/io/InputStream; (15 bytes) @ 0x0000000002c4ae9c [0x0000000002c4ad80+0x11c]
J 504 C1 java.net.URLClassLoader.defineClass(Ljava/lang/String;Lsun/misc/Resource;)Ljava/lang/Class; (142 bytes) @ 0x0000000002b9b9bc [0x0000000002b9b240+0x77c]
J 283 C1 java.net.URLClassLoader$1.run()Ljava/lang/Class; (63 bytes) @ 0x0000000002b04b2c [0x0000000002b04860+0x2cc]
J 282 C1 java.net.URLClassLoader$1.run()Ljava/lang/Object; (5 bytes) @ 0x0000000002b044cc [0x0000000002b04440+0x8c]
v  ~StubRoutines::call_stub
J 244  java.security.AccessController.doPrivileged(Ljava/security/PrivilegedExceptionAction;Ljava/security/AccessControlContext;)Ljava/lang/Object; (0 bytes) @ 0x0000000002af1026 [0x0000000002af0fc0+0x66]
J 1355 C2 java.net.URLClassLoader.findClass(Ljava/lang/String;)Ljava/lang/Class; (47 bytes) @ 0x0000000002df3630 [0x0000000002df35a0+0x90]
J 217 C1 java.lang.ClassLoader.loadClass(Ljava/lang/String;Z)Ljava/lang/Class; (122 bytes) @ 0x0000000002ae152c [0x0000000002ae0bc0+0x96c]
J 345 C1 java.lang.ClassLoader.loadClass(Ljava/lang/String;)Ljava/lang/Class; (7 bytes) @ 0x0000000002b2274c [0x0000000002b22640+0x10c]
v  ~StubRoutines::call_stub
j  org.gradle.internal.hash.Hashing$MessageDigestHasher.putString(Ljava/lang/CharSequence;)V+7
j  org.gradle.internal.hash.Hashing$MessageDigestHashFunction.hashString(Ljava/lang/CharSequence;)Lorg/gradle/internal/hash/HashCode;+7
j  org.gradle.internal.hash.DefaultContentHasherFactory.<clinit>()V+9
v  ~StubRoutines::call_stub
j  org.gradle.internal.service.scopes.GlobalScopeServices.createHasherFactory()Lorg/gradle/internal/hash/ContentHasherFactory;+0
v  ~StubRoutines::call_stub
j  sun.reflect.NativeMethodAccessorImpl.invoke0(Ljava/lang/reflect/Method;Ljava/lang/Object;[Ljava/lang/Object;)Ljava/lang/Object;+0
j  sun.reflect.NativeMethodAccessorImpl.invoke(Ljava/lang/Object;[Ljava/lang/Object;)Ljava/lang/Object;+100
J 1024 C1 sun.reflect.DelegatingMethodAccessorImpl.invoke(Ljava/lang/Object;[Ljava/lang/Object;)Ljava/lang/Object; (10 bytes) @ 0x0000000002d13b84 [0x0000000002d13a80+0x104]
J 1023 C1 java.lang.reflect.Method.invoke(Ljava/lang/Object;[Ljava/lang/Object;)Ljava/lang/Object; (62 bytes) @ 0x0000000002d1432c [0x0000000002d13f40+0x3ec]
j  org.gradle.internal.reflect.JavaMethod.invoke(Ljava/lang/Object;[Ljava/lang/Object;)Ljava/lang/Object;+6
j  org.gradle.internal.service.ReflectionBasedServiceMethod.invoke(Ljava/lang/Object;[Ljava/lang/Object;)Ljava/lang/Object;+6
j  org.gradle.internal.service.DefaultServiceRegistry$FactoryMethodService.invokeMethod([Ljava/lang/Object;)Ljava/lang/Object;+9
j  org.gradle.internal.service.DefaultServiceRegistry$FactoryService.create()Ljava/lang/Object;+7
j  org.gradle.internal.service.DefaultServiceRegistry$ManagedObjectServiceProvider.getInstance()Ljava/lang/Object;+24
j  org.gradle.internal.service.DefaultServiceRegistry$SingletonService.get()Ljava/lang/Object;+1
j  org.gradle.internal.service.DefaultServiceRegistry$FactoryService.assembleParameters()[Ljava/lang/Object;+44
j  org.gradle.internal.service.DefaultServiceRegistry$FactoryService.create()Ljava/lang/Object;+1
j  org.gradle.internal.service.DefaultServiceRegistry$ManagedObjectServiceProvider.getInstance()Ljava/lang/Object;+24
j  org.gradle.internal.service.DefaultServiceRegistry$SingletonService.get()Ljava/lang/Object;+1
j  org.gradle.internal.service.DefaultServiceRegistry$FactoryService.assembleParameters()[Ljava/lang/Object;+44
j  org.gradle.internal.service.DefaultServiceRegistry$FactoryService.create()Ljava/lang/Object;+1
j  org.gradle.internal.service.DefaultServiceRegistry$ManagedObjectServiceProvider.getInstance()Ljava/lang/Object;+24
j  org.gradle.internal.service.DefaultServiceRegistry$SingletonService.get()Ljava/lang/Object;+1
j  org.gradle.internal.service.DefaultServiceRegistry$FactoryService.assembleParameters()[Ljava/lang/Object;+44
j  org.gradle.internal.service.DefaultServiceRegistry$FactoryService.create()Ljava/lang/Object;+1
j  org.gradle.internal.service.DefaultServiceRegistry$ManagedObjectServiceProvider.getInstance()Ljava/lang/Object;+24
j  org.gradle.internal.service.DefaultServiceRegistry$SingletonService.get()Ljava/lang/Object;+1
j  org.gradle.internal.service.DefaultServiceRegistry$FactoryService.assembleParameters()[Ljava/lang/Object;+44
j  org.gradle.internal.service.DefaultServiceRegistry$FactoryService.create()Ljava/lang/Object;+1
j  org.gradle.internal.service.DefaultServiceRegistry$ManagedObjectServiceProvider.getInstance()Ljava/lang/Object;+24
j  org.gradle.internal.service.DefaultServiceRegistry$SingletonService.get()Ljava/lang/Object;+1
j  org.gradle.internal.service.DefaultServiceRegistry$FactoryService.assembleParameters()[Ljava/lang/Object;+44
j  org.gradle.internal.service.DefaultServiceRegistry$FactoryService.create()Ljava/lang/Object;+1
j  org.gradle.internal.service.DefaultServiceRegistry$ManagedObjectServiceProvider.getInstance()Ljava/lang/Object;+24
j  org.gradle.internal.service.DefaultServiceRegistry$SingletonService.get()Ljava/lang/Object;+1
j  org.gradle.internal.service.DefaultServiceRegistry$FactoryService.assembleParameters()[Ljava/lang/Object;+44
j  org.gradle.internal.service.DefaultServiceRegistry$FactoryService.create()Ljava/lang/Object;+1
j  org.gradle.internal.service.DefaultServiceRegistry$ManagedObjectServiceProvider.getInstance()Ljava/lang/Object;+24
j  org.gradle.internal.service.DefaultServiceRegistry$SingletonService.get()Ljava/lang/Object;+1
j  org.gradle.internal.service.DefaultServiceRegistry$FactoryService.assembleParameters()[Ljava/lang/Object;+44
j  org.gradle.internal.service.DefaultServiceRegistry$FactoryService.create()Ljava/lang/Object;+1
j  org.gradle.internal.service.DefaultServiceRegistry$ManagedObjectServiceProvider.getInstance()Ljava/lang/Object;+24
j  org.gradle.internal.service.DefaultServiceRegistry$SingletonService.get()Ljava/lang/Object;+1
j  org.gradle.internal.service.DefaultServiceRegistry$FactoryService.assembleParameters()[Ljava/lang/Object;+44
j  org.gradle.internal.service.DefaultServiceRegistry$FactoryService.create()Ljava/lang/Object;+1
j  org.gradle.internal.service.DefaultServiceRegistry$ManagedObjectServiceProvider.getInstance()Ljava/lang/Object;+24
j  org.gradle.internal.service.DefaultServiceRegistry$SingletonService.get()Ljava/lang/Object;+1
j  org.gradle.internal.service.DefaultServiceRegistry.get(Ljava/lang/reflect/Type;)Ljava/lang/Object;+22
j  org.gradle.internal.service.DefaultServiceRegistry.get(Ljava/lang/Class;)Ljava/lang/Object;+3
j  org.gradle.internal.service.scopes.BuildScopeServices.defaultScriptPluginFactory()Lorg/gradle/configuration/DefaultScriptPluginFactory;+8
j  org.gradle.internal.service.scopes.BuildScopeServices.createScriptPluginFactory(Lorg/gradle/api/internal/InstantiatorFactory;Lorg/gradle/internal/operations/BuildOperationExecutor;)Lorg/gradle/configuration/ScriptPluginFactory;+1
v  ~StubRoutines::call_stub
j  sun.reflect.NativeMethodAccessorImpl.invoke0(Ljava/lang/reflect/Method;Ljava/lang/Object;[Ljava/lang/Object;)Ljava/lang/Object;+0
j  sun.reflect.NativeMethodAccessorImpl.invoke(Ljava/lang/Object;[Ljava/lang/Object;)Ljava/lang/Object;+100
J 1024 C1 sun.reflect.DelegatingMethodAccessorImpl.invoke(Ljava/lang/Object;[Ljava/lang/Object;)Ljava/lang/Object; (10 bytes) @ 0x0000000002d13b84 [0x0000000002d13a80+0x104]
J 1023 C1 java.lang.reflect.Method.invoke(Ljava/lang/Object;[Ljava/lang/Object;)Ljava/lang/Object; (62 bytes) @ 0x0000000002d1432c [0x0000000002d13f40+0x3ec]
j  org.gradle.internal.reflect.JavaMethod.invoke(Ljava/lang/Object;[Ljava/lang/Object;)Ljava/lang/Object;+6
j  org.gradle.internal.service.ReflectionBasedServiceMethod.invoke(Ljava/lang/Object;[Ljava/lang/Object;)Ljava/lang/Object;+6
j  org.gradle.internal.service.DefaultServiceRegistry$FactoryMethodService.invokeMethod([Ljava/lang/Object;)Ljava/lang/Object;+9
j  org.gradle.internal.service.DefaultServiceRegistry$FactoryService.create()Ljava/lang/Object;+7
j  org.gradle.internal.service.DefaultServiceRegistry$ManagedObjectServiceProvider.getInstance()Ljava/lang/Object;+24
j  org.gradle.internal.service.DefaultServiceRegistry$SingletonService.get()Ljava/lang/Object;+1
j  org.gradle.internal.service.DefaultServiceRegistry$FactoryService.assembleParameters()[Ljava/lang/Object;+44
j  org.gradle.internal.service.DefaultServiceRegistry$FactoryService.create()Ljava/lang/Object;+1
j  org.gradle.internal.service.DefaultServiceRegistry$ManagedObjectServiceProvider.getInstance()Ljava/lang/Object;+24
j  org.gradle.internal.service.DefaultServiceRegistry$SingletonService.get()Ljava/lang/Object;+1
j  org.gradle.internal.service.DefaultServiceRegistry$FactoryService.assembleParameters()[Ljava/lang/Object;+44
j  org.gradle.internal.service.DefaultServiceRegistry$FactoryService.create()Ljava/lang/Object;+1
j  org.gradle.internal.service.DefaultServiceRegistry$ManagedObjectServiceProvider.getInstance()Ljava/lang/Object;+24
j  org.gradle.internal.service.DefaultServiceRegistry$SingletonService.get()Ljava/lang/Object;+1
j  org.gradle.internal.service.DefaultServiceRegistry.get(Ljava/lang/reflect/Type;)Ljava/lang/Object;+22
j  org.gradle.internal.service.DefaultServiceRegistry.get(Ljava/lang/Class;)Ljava/lang/Object;+3
j  org.gradle.initialization.DefaultGradleLauncherFactory.doNewInstance(Lorg/gradle/api/internal/BuildDefinition;Lorg/gradle/initialization/GradleLauncher;Lorg/gradle/initialization/BuildCancellationToken;Lorg/gradle/initialization/BuildRequestMetaData;Lorg/gradle/initialization/BuildEventConsumer;Lorg/gradle/internal/service/scopes/BuildTreeScopeServices;Ljava/util/List;)Lorg/gradle/initialization/DefaultGradleLauncher;+398
j  org.gradle.initialization.DefaultGradleLauncherFactory.newInstance(Lorg/gradle/StartParameter;Lorg/gradle/initialization/BuildRequestContext;Lorg/gradle/internal/service/ServiceRegistry;)Lorg/gradle/initialization/GradleLauncher;+76
j  org.gradle.launcher.exec.InProcessBuildActionExecuter.execute(Lorg/gradle/internal/invocation/BuildAction;Lorg/gradle/initialization/BuildRequestContext;Lorg/gradle/launcher/exec/BuildActionParameters;Lorg/gradle/internal/service/ServiceRegistry;)Ljava/lang/Object;+13
j  org.gradle.launcher.exec.InProcessBuildActionExecuter.execute(Lorg/gradle/internal/invocation/BuildAction;Lorg/gradle/initialization/BuildRequestContext;Ljava/lang/Object;Lorg/gradle/internal/service/ServiceRegistry;)Ljava/lang/Object;+9
j  org.gradle.launcher.exec.BuildTreeScopeBuildActionExecuter.execute(Lorg/gradle/internal/invocation/BuildAction;Lorg/gradle/initialization/BuildRequestContext;Lorg/gradle/launcher/exec/BuildActionParameters;Lorg/gradle/internal/service/ServiceRegistry;)Ljava/lang/Object;+38
j  org.gradle.launcher.exec.BuildTreeScopeBuildActionExecuter.execute(Lorg/gradle/internal/invocation/BuildAction;Lorg/gradle/initialization/BuildRequestContext;Ljava/lang/Object;Lorg/gradle/internal/service/ServiceRegistry;)Ljava/lang/Object;+9
j  org.gradle.tooling.internal.provider.ContinuousBuildActionExecuter.execute(Lorg/gradle/internal/invocation/BuildAction;Lorg/gradle/initialization/BuildRequestContext;Lorg/gradle/launcher/exec/BuildActionParameters;Lorg/gradle/internal/service/ServiceRegistry;)Ljava/lang/Object;+63
j  org.gradle.tooling.internal.provider.ContinuousBuildActionExecuter.execute(Lorg/gradle/internal/invocation/BuildAction;Lorg/gradle/initialization/BuildRequestContext;Ljava/lang/Object;Lorg/gradle/internal/service/ServiceRegistry;)Ljava/lang/Object;+9
j  org.gradle.tooling.internal.provider.ServicesSetupBuildActionExecuter.execute(Lorg/gradle/internal/invocation/BuildAction;Lorg/gradle/initialization/BuildRequestContext;Lorg/gradle/launcher/exec/BuildActionParameters;Lorg/gradle/internal/service/ServiceRegistry;)Ljava/lang/Object;+86
j  org.gradle.tooling.internal.provider.ServicesSetupBuildActionExecuter.execute(Lorg/gradle/internal/invocation/BuildAction;Lorg/gradle/initialization/BuildRequestContext;Ljava/lang/Object;Lorg/gradle/internal/service/ServiceRegistry;)Ljava/lang/Object;+9
j  org.gradle.tooling.internal.provider.GradleThreadBuildActionExecuter.execute(Lorg/gradle/internal/invocation/BuildAction;Lorg/gradle/initialization/BuildRequestContext;Lorg/gradle/launcher/exec/BuildActionParameters;Lorg/gradle/internal/service/ServiceRegistry;)Ljava/lang/Object;+12
j  org.gradle.tooling.internal.provider.GradleThreadBuildActionExecuter.execute(Lorg/gradle/internal/invocation/BuildAction;Lorg/gradle/initialization/BuildRequestContext;Ljava/lang/Object;Lorg/gradle/internal/service/ServiceRegistry;)Ljava/lang/Object;+9
j  org.gradle.tooling.internal.provider.ParallelismConfigurationBuildActionExecuter.execute(Lorg/gradle/internal/invocation/BuildAction;Lorg/gradle/initialization/BuildRequestContext;Lorg/gradle/launcher/exec/BuildActionParameters;Lorg/gradle/internal/service/ServiceRegistry;)Ljava/lang/Object;+43
j  org.gradle.tooling.internal.provider.ParallelismConfigurationBuildActionExecuter.execute(Lorg/gradle/internal/invocation/BuildAction;Lorg/gradle/initialization/BuildRequestContext;Ljava/lang/Object;Lorg/gradle/internal/service/ServiceRegistry;)Ljava/lang/Object;+9
j  org.gradle.tooling.internal.provider.StartParamsValidatingActionExecuter.execute(Lorg/gradle/internal/invocation/BuildAction;Lorg/gradle/initialization/BuildRequestContext;Lorg/gradle/launcher/exec/BuildActionParameters;Lorg/gradle/internal/service/ServiceRegistry;)Ljava/lang/Object;+257
j  org.gradle.tooling.internal.provider.StartParamsValidatingActionExecuter.execute(Lorg/gradle/internal/invocation/BuildAction;Lorg/gradle/initialization/BuildRequestContext;Ljava/lang/Object;Lorg/gradle/internal/service/ServiceRegistry;)Ljava/lang/Object;+9
j  org.gradle.tooling.internal.provider.SessionFailureReportingActionExecuter.execute(Lorg/gradle/internal/invocation/BuildAction;Lorg/gradle/initialization/BuildRequestContext;Lorg/gradle/launcher/exec/BuildActionParameters;Lorg/gradle/internal/service/ServiceRegistry;)Ljava/lang/Object;+9
j  org.gradle.tooling.internal.provider.SessionFailureReportingActionExecuter.execute(Lorg/gradle/internal/invocation/BuildAction;Lorg/gradle/initialization/BuildRequestContext;Ljava/lang/Object;Lorg/gradle/internal/service/ServiceRegistry;)Ljava/lang/Object;+9
j  org.gradle.tooling.internal.provider.SetupLoggingActionExecuter.execute(Lorg/gradle/internal/invocation/BuildAction;Lorg/gradle/initialization/BuildRequestContext;Lorg/gradle/launcher/exec/BuildActionParameters;Lorg/gradle/internal/service/ServiceRegistry;)Ljava/lang/Object;+42
j  org.gradle.tooling.internal.provider.SetupLoggingActionExecuter.execute(Lorg/gradle/internal/invocation/BuildAction;Lorg/gradle/initialization/BuildRequestContext;Ljava/lang/Object;Lorg/gradle/internal/service/ServiceRegistry;)Ljava/lang/Object;+9
j  org.gradle.launcher.daemon.server.exec.ExecuteBuild.doBuild(Lorg/gradle/launcher/daemon/server/api/DaemonCommandExecution;Lorg/gradle/launcher/daemon/protocol/Build;)V+114
j  org.gradle.launcher.daemon.server.exec.BuildCommandOnly.execute(Lorg/gradle/launcher/daemon/server/api/DaemonCommandExecution;)V+49
j  org.gradle.launcher.daemon.server.api.DaemonCommandExecution.proceed()Z+28
j  org.gradle.launcher.daemon.server.exec.WatchForDisconnection.execute(Lorg/gradle/launcher/daemon/server/api/DaemonCommandExecution;)V+19
j  org.gradle.launcher.daemon.server.api.DaemonCommandExecution.proceed()Z+28
j  org.gradle.launcher.daemon.server.exec.ResetDeprecationLogger.execute(Lorg/gradle/launcher/daemon/server/api/DaemonCommandExecution;)V+4
j  org.gradle.launcher.daemon.server.api.DaemonCommandExecution.proceed()Z+28
j  org.gradle.launcher.daemon.server.exec.RequestStopIfSingleUsedDaemon.execute(Lorg/gradle/launcher/daemon/server/api/DaemonCommandExecution;)V+33
j  org.gradle.launcher.daemon.server.api.DaemonCommandExecution.proceed()Z+28
j  org.gradle.launcher.daemon.server.exec.ForwardClientInput$2.call()Ljava/lang/Void;+4
j  org.gradle.launcher.daemon.server.exec.ForwardClientInput$2.call()Ljava/lang/Object;+1
j  org.gradle.util.Swapper.swap(Ljava/lang/Object;Ljava/util/concurrent/Callable;)Ljava/lang/Object;+21
j  org.gradle.launcher.daemon.server.exec.ForwardClientInput.execute(Lorg/gradle/launcher/daemon/server/api/DaemonCommandExecution;)V+63
j  org.gradle.launcher.daemon.server.api.DaemonCommandExecution.proceed()Z+28
j  org.gradle.launcher.daemon.server.exec.LogAndCheckHealth.execute(Lorg/gradle/launcher/daemon/server/api/DaemonCommandExecution;)V+28
j  org.gradle.launcher.daemon.server.api.DaemonCommandExecution.proceed()Z+28
j  org.gradle.launcher.daemon.server.exec.LogToClient.doBuild(Lorg/gradle/launcher/daemon/server/api/DaemonCommandExecution;Lorg/gradle/launcher/daemon/protocol/Build;)V+87
j  org.gradle.launcher.daemon.server.exec.BuildCommandOnly.execute(Lorg/gradle/launcher/daemon/server/api/DaemonCommandExecution;)V+49
j  org.gradle.launcher.daemon.server.api.DaemonCommandExecution.proceed()Z+28
j  org.gradle.launcher.daemon.server.exec.EstablishBuildEnvironment.doBuild(Lorg/gradle/launcher/daemon/server/api/DaemonCommandExecution;Lorg/gradle/launcher/daemon/protocol/Build;)V+365
j  org.gradle.launcher.daemon.server.exec.BuildCommandOnly.execute(Lorg/gradle/launcher/daemon/server/api/DaemonCommandExecution;)V+49
j  org.gradle.launcher.daemon.server.api.DaemonCommandExecution.proceed()Z+28
j  org.gradle.launcher.daemon.server.exec.StartBuildOrRespondWithBusy$1.run()V+44
j  org.gradle.launcher.daemon.server.DaemonStateCoordinator$1.run()V+4
j  org.gradle.internal.concurrent.ExecutorPolicy$CatchAndRecordFailures.onExecute(Ljava/lang/Runnable;)V+1
j  org.gradle.internal.concurrent.ManagedExecutorImpl$1.run()V+25
j  java.util.concurrent.ThreadPoolExecutor.runWorker(Ljava/util/concurrent/ThreadPoolExecutor$Worker;)V+95
j  java.util.concurrent.ThreadPoolExecutor$Worker.run()V+5
j  org.gradle.internal.concurrent.ThreadFactoryImpl$ManagedThreadRunnable.run()V+7
j  java.lang.Thread.run()V+11
v  ~StubRoutines::call_stub

---------------  P R O C E S S  ---------------

Java Threads: ( => current thread )
  0x0000000018376800 JavaThread "Stdin handler" [_thread_blocked, id=5160, stack(0x000000001a970000,0x000000001aa70000)]
  0x0000000018373800 JavaThread "Asynchronous log dispatcher for DefaultDaemonConnection: socket connection from /127.0.0.1:50085 to /127.0.0.1:50086" [_thread_blocked, id=6056, stack(0x000000001a870000,0x000000001a970000)]
=>0x0000000017ec0000 JavaThread "Daemon worker" [_thread_in_vm, id=6152, stack(0x000000001a770000,0x000000001a870000)]
  0x0000000017ebe800 JavaThread "Cancel handler" [_thread_blocked, id=7380, stack(0x000000001a670000,0x000000001a770000)]
  0x0000000017f85800 JavaThread "Handler for socket connection from /127.0.0.1:50085 to /127.0.0.1:50086" [_thread_in_native, id=3684, stack(0x000000001a370000,0x000000001a470000)]
  0x000000001948d800 JavaThread "Daemon" [_thread_blocked, id=3056, stack(0x000000001a270000,0x000000001a370000)]
  0x000000001948b000 JavaThread "Daemon periodic checks" [_thread_blocked, id=3228, stack(0x000000001a170000,0x000000001a270000)]
  0x0000000019471800 JavaThread "Incoming local TCP Connector on port 50085" [_thread_in_native, id=7172, stack(0x0000000019f30000,0x000000001a030000)]
  0x0000000017c48800 JavaThread "Service Thread" daemon [_thread_blocked, id=4900, stack(0x0000000018020000,0x0000000018120000)]
  0x00000000162da800 JavaThread "C1 CompilerThread2" daemon [_thread_blocked, id=11008, stack(0x0000000017b20000,0x0000000017c20000)]
  0x00000000162cf800 JavaThread "C2 CompilerThread1" daemon [_thread_in_native, id=13140, stack(0x0000000017a20000,0x0000000017b20000)]
  0x00000000162d6800 JavaThread "C2 CompilerThread0" daemon [_thread_in_native, id=8776, stack(0x0000000017920000,0x0000000017a20000)]
  0x00000000162d5800 JavaThread "Attach Listener" daemon [_thread_blocked, id=12756, stack(0x0000000017820000,0x0000000017920000)]
  0x00000000162d4000 JavaThread "Signal Dispatcher" daemon [_thread_blocked, id=8988, stack(0x0000000017720000,0x0000000017820000)]
  0x000000000295a800 JavaThread "Finalizer" daemon [_thread_blocked, id=5008, stack(0x0000000017520000,0x0000000017620000)]
  0x00000000162b9000 JavaThread "Reference Handler" daemon [_thread_blocked, id=4788, stack(0x0000000017420000,0x0000000017520000)]
  0x00000000009ad800 JavaThread "main" [_thread_blocked, id=8100, stack(0x0000000002700000,0x0000000002800000)]

Other Threads:
  0x0000000016296000 VMThread [stack: 0x0000000017320000,0x0000000017420000] [id=652]
  0x000000001632e000 WatcherThread [stack: 0x0000000018120000,0x0000000018220000] [id=2424]

VM state:not at safepoint (normal execution)

VM Mutex/Monitor currently owned by a thread: None

heap address: 0x00000000a0000000, size: 1536 MB, Compressed Oops mode: 32-bit
Narrow klass base: 0x0000000000000000, Narrow klass shift: 3
Compressed class space size: 1073741824 Address: 0x0000000100000000

Heap:
 PSYoungGen      total 38400K, used 5535K [0x00000000e0000000, 0x00000000e4b00000, 0x0000000100000000)
  eden space 33280K, 1% used [0x00000000e0000000,0x00000000e006cd70,0x00000000e2080000)
  from space 5120K, 99% used [0x00000000e2080000,0x00000000e257b0a8,0x00000000e2580000)
  to   space 5120K, 0% used [0x00000000e4600000,0x00000000e4600000,0x00000000e4b00000)
 ParOldGen       total 87552K, used 2010K [0x00000000a0000000, 0x00000000a5580000, 0x00000000e0000000)
  object space 87552K, 2% used [0x00000000a0000000,0x00000000a01f6908,0x00000000a5580000)
 Metaspace       used 14102K, capacity 14428K, committed 14720K, reserved 1062912K
  class space    used 1968K, capacity 2092K, committed 2176K, reserved 1048576K

Card table byte_map: [0x0000000011d20000,0x0000000012030000] byte_map_base: 0x0000000011820000

Marking Bits: (ParMarkBitMap*) 0x0000000056059f30
 Begin Bits: [0x0000000012630000, 0x0000000013e30000)
 End Bits:   [0x0000000013e30000, 0x0000000015630000)

Polling page: 0x0000000000ee0000

CodeCache: size=245760Kb used=4676Kb max_used=4676Kb free=241083Kb
 bounds [0x0000000002960000, 0x0000000002e00000, 0x0000000011960000]
 total_blobs=1724 nmethods=1355 adapters=282
 compilation: enabled

Compilation events (10 events):
Event: 2.712 Thread 0x00000000162cf800 nmethod 1354 0x0000000002df2e10 code [0x0000000002df2f80, 0x0000000002df32f8]
Event: 2.712 Thread 0x00000000162cf800 1355   !   4       java.net.URLClassLoader::findClass (47 bytes)
Event: 2.715 Thread 0x00000000162cf800 nmethod 1355 0x0000000002df3410 code [0x0000000002df35a0, 0x0000000002df3798]
Event: 2.729 Thread 0x00000000162da800 1356       3       org.gradle.internal.service.DefaultServiceRegistry$OwnServices::getProviders (26 bytes)
Event: 2.730 Thread 0x00000000162da800 nmethod 1356 0x0000000002df2490 code [0x0000000002df2620, 0x0000000002df29e8]
Event: 2.730 Thread 0x00000000162da800 1358       3       org.gradle.internal.service.DefaultServiceRegistry::find (151 bytes)
Event: 2.731 Thread 0x00000000162da800 nmethod 1358 0x0000000002df3990 code [0x0000000002df3ce0, 0x0000000002df58b8]
Event: 2.731 Thread 0x00000000162da800 1357       3       java.util.Collections::emptyList (4 bytes)
Event: 2.732 Thread 0x00000000162da800 nmethod 1357 0x0000000002df2190 code [0x0000000002df22e0, 0x0000000002df2410]
Event: 2.733 Thread 0x00000000162cf800 1359       4       java.net.URLClassLoader$1::run (5 bytes)

GC Heap History (6 events):
Event: 1.132 GC heap before
{Heap before GC invocations=1 (full 0):
 PSYoungGen      total 38400K, used 33280K [0x00000000e0000000, 0x00000000e2a80000, 0x0000000100000000)
  eden space 33280K, 100% used [0x00000000e0000000,0x00000000e2080000,0x00000000e2080000)
  from space 5120K, 0% used [0x00000000e2580000,0x00000000e2580000,0x00000000e2a80000)
  to   space 5120K, 0% used [0x00000000e2080000,0x00000000e2080000,0x00000000e2580000)
 ParOldGen       total 87552K, used 0K [0x00000000a0000000, 0x00000000a5580000, 0x00000000e0000000)
  object space 87552K, 0% used [0x00000000a0000000,0x00000000a0000000,0x00000000a5580000)
 Metaspace       used 6644K, capacity 6768K, committed 7040K, reserved 1056768K
  class space    used 809K, capacity 876K, committed 896K, reserved 1048576K
Event: 1.137 GC heap after
Heap after GC invocations=1 (full 0):
 PSYoungGen      total 38400K, used 4144K [0x00000000e0000000, 0x00000000e2a80000, 0x0000000100000000)
  eden space 33280K, 0% used [0x00000000e0000000,0x00000000e0000000,0x00000000e2080000)
  from space 5120K, 80% used [0x00000000e2080000,0x00000000e248c118,0x00000000e2580000)
  to   space 5120K, 0% used [0x00000000e2580000,0x00000000e2580000,0x00000000e2a80000)
 ParOldGen       total 87552K, used 8K [0x00000000a0000000, 0x00000000a5580000, 0x00000000e0000000)
  object space 87552K, 0% used [0x00000000a0000000,0x00000000a0002000,0x00000000a5580000)
 Metaspace       used 6644K, capacity 6768K, committed 7040K, reserved 1056768K
  class space    used 809K, capacity 876K, committed 896K, reserved 1048576K
}
Event: 2.388 GC heap before
{Heap before GC invocations=2 (full 0):
 PSYoungGen      total 38400K, used 37424K [0x00000000e0000000, 0x00000000e2a80000, 0x0000000100000000)
  eden space 33280K, 100% used [0x00000000e0000000,0x00000000e2080000,0x00000000e2080000)
  from space 5120K, 80% used [0x00000000e2080000,0x00000000e248c118,0x00000000e2580000)
  to   space 5120K, 0% used [0x00000000e2580000,0x00000000e2580000,0x00000000e2a80000)
 ParOldGen       total 87552K, used 8K [0x00000000a0000000, 0x00000000a5580000, 0x00000000e0000000)
  object space 87552K, 0% used [0x00000000a0000000,0x00000000a0002000,0x00000000a5580000)
 Metaspace       used 10851K, capacity 11082K, committed 11264K, reserved 1058816K
  class space    used 1417K, capacity 1519K, committed 1536K, reserved 1048576K
Event: 2.394 GC heap after
Heap after GC invocations=2 (full 0):
 PSYoungGen      total 38400K, used 5118K [0x00000000e0000000, 0x00000000e2a80000, 0x0000000100000000)
  eden space 33280K, 0% used [0x00000000e0000000,0x00000000e0000000,0x00000000e2080000)
  from space 5120K, 99% used [0x00000000e2580000,0x00000000e2a7f830,0x00000000e2a80000)
  to   space 5120K, 0% used [0x00000000e2080000,0x00000000e2080000,0x00000000e2580000)
 ParOldGen       total 87552K, used 150K [0x00000000a0000000, 0x00000000a5580000, 0x00000000e0000000)
  object space 87552K, 0% used [0x00000000a0000000,0x00000000a0025b98,0x00000000a5580000)
 Metaspace       used 10851K, capacity 11082K, committed 11264K, reserved 1058816K
  class space    used 1417K, capacity 1519K, committed 1536K, reserved 1048576K
}
Event: 2.747 GC heap before
{Heap before GC invocations=3 (full 0):
 PSYoungGen      total 38400K, used 38398K [0x00000000e0000000, 0x00000000e2a80000, 0x0000000100000000)
  eden space 33280K, 100% used [0x00000000e0000000,0x00000000e2080000,0x00000000e2080000)
  from space 5120K, 99% used [0x00000000e2580000,0x00000000e2a7f830,0x00000000e2a80000)
  to   space 5120K, 0% used [0x00000000e2080000,0x00000000e2080000,0x00000000e2580000)
 ParOldGen       total 87552K, used 150K [0x00000000a0000000, 0x00000000a5580000, 0x00000000e0000000)
  object space 87552K, 0% used [0x00000000a0000000,0x00000000a0025b98,0x00000000a5580000)
 Metaspace       used 14074K, capacity 14364K, committed 14464K, reserved 1060864K
  class space    used 1962K, capacity 2092K, committed 2176K, reserved 1048576K
Event: 2.757 GC heap after
Heap after GC invocations=3 (full 0):
 PSYoungGen      total 38400K, used 5100K [0x00000000e0000000, 0x00000000e4b00000, 0x0000000100000000)
  eden space 33280K, 0% used [0x00000000e0000000,0x00000000e0000000,0x00000000e2080000)
  from space 5120K, 99% used [0x00000000e2080000,0x00000000e257b0a8,0x00000000e2580000)
  to   space 5120K, 0% used [0x00000000e4600000,0x00000000e4600000,0x00000000e4b00000)
 ParOldGen       total 87552K, used 2010K [0x00000000a0000000, 0x00000000a5580000, 0x00000000e0000000)
  object space 87552K, 2% used [0x00000000a0000000,0x00000000a01f6908,0x00000000a5580000)
 Metaspace       used 14074K, capacity 14364K, committed 14464K, reserved 1060864K
  class space    used 1962K, capacity 2092K, committed 2176K, reserved 1048576K
}

Deoptimization events (10 events):
Event: 1.348 Thread 0x00000000009ad800 Uncommon trap: reason=unstable_if action=reinterpret pc=0x0000000002baef34 method=java.util.HashMap.getNode(ILjava/lang/Object;)Ljava/util/HashMap$Node; @ 62
Event: 1.508 Thread 0x00000000009ad800 Uncommon trap: reason=bimorphic action=maybe_recompile pc=0x0000000002c914d8 method=java.util.HashMap.putVal(ILjava/lang/Object;Ljava/lang/Object;ZZ)Ljava/lang/Object; @ 203
Event: 1.751 Thread 0x00000000009ad800 Uncommon trap: reason=unstable_if action=reinterpret pc=0x0000000002bffc88 method=java.io.WinNTFileSystem.normalize(Ljava/lang/String;)Ljava/lang/String; @ 128
Event: 2.436 Thread 0x0000000017f85800 Uncommon trap: reason=unstable_if action=reinterpret pc=0x0000000002d65bb0 method=java.util.concurrent.ConcurrentHashMap.putVal(Ljava/lang/Object;Ljava/lang/Object;Z)Ljava/lang/Object; @ 206
Event: 2.519 Thread 0x0000000017ec0000 Uncommon trap: reason=bimorphic action=maybe_recompile pc=0x0000000002c90e1c method=java.util.HashMap.putVal(ILjava/lang/Object;Ljava/lang/Object;ZZ)Ljava/lang/Object; @ 253
Event: 2.519 Thread 0x0000000017ec0000 Uncommon trap: reason=bimorphic action=maybe_recompile pc=0x0000000002c90e1c method=java.util.HashMap.putVal(ILjava/lang/Object;Ljava/lang/Object;ZZ)Ljava/lang/Object; @ 253
Event: 2.520 Thread 0x0000000017ec0000 Uncommon trap: reason=bimorphic action=maybe_recompile pc=0x0000000002c90e1c method=java.util.HashMap.putVal(ILjava/lang/Object;Ljava/lang/Object;ZZ)Ljava/lang/Object; @ 253
Event: 2.669 Thread 0x0000000017ec0000 Uncommon trap: reason=class_check action=maybe_recompile pc=0x0000000002bf3604 method=java.util.regex.Matcher.match(II)Z @ 86
Event: 2.670 Thread 0x0000000017ec0000 Uncommon trap: reason=class_check action=maybe_recompile pc=0x0000000002bf3604 method=java.util.regex.Matcher.match(II)Z @ 86
Event: 2.736 Thread 0x0000000017ec0000 Uncommon trap: reason=class_check action=maybe_recompile pc=0x0000000002bc31dc method=java.util.regex.Matcher.match(II)Z @ 86

Classes redefined (0 events):
No events

Internal exceptions (10 events):
Event: 2.457 Thread 0x0000000017f85800 Exception <a 'java/lang/NoSuchMethodError': <clinit>> (0x00000000e0415c60) thrown at [D:\src\AOSP-openjdk-cygwin\jdk8u\hotspot\src\share\vm\prims\jni.cpp, line 1614]
Event: 2.458 Thread 0x0000000017f85800 Exception <a 'java/lang/NoSuchMethodError': <clinit>> (0x00000000e041e8f0) thrown at [D:\src\AOSP-openjdk-cygwin\jdk8u\hotspot\src\share\vm\prims\jni.cpp, line 1614]
Event: 2.459 Thread 0x0000000017f85800 Exception <a 'java/lang/NoSuchMethodError': <clinit>> (0x00000000e0430310) thrown at [D:\src\AOSP-openjdk-cygwin\jdk8u\hotspot\src\share\vm\prims\jni.cpp, line 1614]
Event: 2.475 Thread 0x0000000017f85800 Exception <a 'java/lang/NoSuchMethodError': <clinit>> (0x00000000e04ae5d8) thrown at [D:\src\AOSP-openjdk-cygwin\jdk8u\hotspot\src\share\vm\prims\jni.cpp, line 1614]
Event: 2.479 Thread 0x0000000017f85800 Exception <a 'java/lang/NoSuchMethodError': <clinit>> (0x00000000e04d3be0) thrown at [D:\src\AOSP-openjdk-cygwin\jdk8u\hotspot\src\share\vm\prims\jni.cpp, line 1614]
Event: 2.485 Thread 0x0000000017f85800 Exception <a 'java/lang/NoSuchMethodError': <clinit>> (0x00000000e04ee7e0) thrown at [D:\src\AOSP-openjdk-cygwin\jdk8u\hotspot\src\share\vm\prims\jni.cpp, line 1614]
Event: 2.488 Thread 0x0000000017f85800 Exception <a 'java/lang/NoSuchMethodError': <clinit>> (0x00000000e04fa488) thrown at [D:\src\AOSP-openjdk-cygwin\jdk8u\hotspot\src\share\vm\prims\jni.cpp, line 1614]
Event: 2.496 Thread 0x0000000017f85800 Exception <a 'java/lang/NoSuchMethodError': <clinit>> (0x00000000e051c5a8) thrown at [D:\src\AOSP-openjdk-cygwin\jdk8u\hotspot\src\share\vm\prims\jni.cpp, line 1614]
Event: 2.509 Thread 0x0000000017ec0000 Exception <a 'java/lang/NoSuchMethodError': <clinit>> (0x00000000e05f2998) thrown at [D:\src\AOSP-openjdk-cygwin\jdk8u\hotspot\src\share\vm\prims\jni.cpp, line 1614]
Event: 2.510 Thread 0x0000000017ec0000 Exception <a 'java/lang/NoSuchMethodError': <clinit>> (0x00000000e05fac88) thrown at [D:\src\AOSP-openjdk-cygwin\jdk8u\hotspot\src\share\vm\prims\jni.cpp, line 1614]

Events (10 events):
Event: 2.761 loading class org/gradle/internal/hash/Hashing$CloningMessageDigestHashFunction
Event: 2.761 loading class org/gradle/internal/hash/Hashing$CloningMessageDigestHashFunction done
Event: 2.761 loading class org/gradle/internal/hash/Hashing$RegularMessageDigestHashFunction
Event: 2.761 loading class org/gradle/internal/hash/Hashing$RegularMessageDigestHashFunction done
Event: 2.761 loading class sun/security/provider/MD5
Event: 2.762 loading class sun/security/provider/MD5 done
Event: 2.762 loading class org/gradle/internal/hash/Hashing$MessageDigestHasher
Event: 2.762 loading class org/gradle/internal/hash/Hashing$MessageDigestHasher done
Event: 2.763 loading class com/google/common/base/Charsets
Event: 2.763 loading class com/google/common/base/Charsets done


Dynamic libraries:
0x00007ff7eda00000 - 0x00007ff7eda31000 	C:\Program Files\Android\Android Studio\jre\bin\java.exe
0x00007ff8bce30000 - 0x00007ff8bd01d000 	C:\WINDOWS\SYSTEM32\ntdll.dll
0x00007ff8bca90000 - 0x00007ff8bcb43000 	C:\WINDOWS\System32\KERNEL32.DLL
0x00007ff8b93d0000 - 0x00007ff8b9663000 	C:\WINDOWS\System32\KERNELBASE.dll
0x00007ff8ba2d0000 - 0x00007ff8ba373000 	C:\WINDOWS\System32\ADVAPI32.dll
0x00007ff8bad30000 - 0x00007ff8badce000 	C:\WINDOWS\System32\msvcrt.dll
0x00007ff8bc9f0000 - 0x00007ff8bca8e000 	C:\WINDOWS\System32\sechost.dll
0x00007ff8badd0000 - 0x00007ff8baef2000 	C:\WINDOWS\System32\RPCRT4.dll
0x00007ff8ba130000 - 0x00007ff8ba2c7000 	C:\WINDOWS\System32\USER32.dll
0x00007ff8b8fd0000 - 0x00007ff8b8ff0000 	C:\WINDOWS\System32\win32u.dll
0x00007ff8bad00000 - 0x00007ff8bad29000 	C:\WINDOWS\System32\GDI32.dll
0x00007ff8b8ff0000 - 0x00007ff8b9189000 	C:\WINDOWS\System32\gdi32full.dll
0x00007ff8b96c0000 - 0x00007ff8b9760000 	C:\WINDOWS\System32\msvcp_win.dll
0x00007ff8b9760000 - 0x00007ff8b985a000 	C:\WINDOWS\System32\ucrtbase.dll
0x00007ff8a5f40000 - 0x00007ff8a61b9000 	C:\WINDOWS\WinSxS\amd64_microsoft.windows.common-controls_6595b64144ccf1df_6.0.17763.864_none_05b3441807210760\COMCTL32.dll
0x00007ff8ba4b0000 - 0x00007ff8ba7dc000 	C:\WINDOWS\System32\combase.dll
0x00007ff8ba0b0000 - 0x00007ff8ba12e000 	C:\WINDOWS\System32\bcryptPrimitives.dll
0x00007ff8baf00000 - 0x00007ff8baf2e000 	C:\WINDOWS\System32\IMM32.DLL
0x00000000556d0000 - 0x00000000557a2000 	C:\Program Files\Android\Android Studio\jre\jre\bin\msvcr100.dll
0x0000000055890000 - 0x00000000560d6000 	C:\Program Files\Android\Android Studio\jre\jre\bin\server\jvm.dll
0x00007ff8bc8b0000 - 0x00007ff8bc8b8000 	C:\WINDOWS\System32\PSAPI.DLL
0x00007ff8a92a0000 - 0x00007ff8a92aa000 	C:\WINDOWS\SYSTEM32\VERSION.dll
0x00007ff8b2bc0000 - 0x00007ff8b2be4000 	C:\WINDOWS\SYSTEM32\WINMM.dll
0x00007ff8b0ac0000 - 0x00007ff8b0ac9000 	C:\WINDOWS\SYSTEM32\WSOCK32.dll
0x00007ff8bc920000 - 0x00007ff8bc98d000 	C:\WINDOWS\System32\WS2_32.dll
0x00007ff8b2b90000 - 0x00007ff8b2bbd000 	C:\WINDOWS\SYSTEM32\WINMMBASE.dll
0x00007ff8b9670000 - 0x00007ff8b96ba000 	C:\WINDOWS\System32\cfgmgr32.dll
0x00007ff8ad7e0000 - 0x00007ff8ad7ef000 	C:\Program Files\Android\Android Studio\jre\jre\bin\verify.dll
0x00007ff89d990000 - 0x00007ff89d9b9000 	C:\Program Files\Android\Android Studio\jre\jre\bin\java.dll
0x00007ff89e070000 - 0x00007ff89e086000 	C:\Program Files\Android\Android Studio\jre\jre\bin\zip.dll
0x00007ff8bb3b0000 - 0x00007ff8bc8a4000 	C:\WINDOWS\System32\SHELL32.dll
0x00007ff8baaf0000 - 0x00007ff8bab98000 	C:\WINDOWS\System32\shcore.dll
0x00007ff8b9910000 - 0x00007ff8ba05d000 	C:\WINDOWS\System32\windows.storage.dll
0x00007ff8b8fa0000 - 0x00007ff8b8fc4000 	C:\WINDOWS\System32\profapi.dll
0x00007ff8b8f20000 - 0x00007ff8b8f7d000 	C:\WINDOWS\System32\powrprof.dll
0x00007ff8bc8c0000 - 0x00007ff8bc912000 	C:\WINDOWS\System32\shlwapi.dll
0x00007ff8b8f80000 - 0x00007ff8b8f91000 	C:\WINDOWS\System32\kernel.appcore.dll
0x00007ff8ba090000 - 0x00007ff8ba0a7000 	C:\WINDOWS\System32\cryptsp.dll
0x00007ff89d970000 - 0x00007ff89d98a000 	C:\Program Files\Android\Android Studio\jre\jre\bin\net.dll
0x00007ff8b8770000 - 0x00007ff8b87d7000 	C:\WINDOWS\system32\mswsock.dll
0x00007ff89d950000 - 0x00007ff89d961000 	C:\Program Files\Android\Android Studio\jre\jre\bin\nio.dll
0x00007ff8b4d50000 - 0x00007ff8b4d6e000 	C:\Users\DELL\.gradle\native\25\windows-amd64\native-platform.dll
0x00007ff8ab310000 - 0x00007ff8ab31d000 	C:\Program Files\Android\Android Studio\jre\jre\bin\management.dll
0x00007ff8b82f0000 - 0x00007ff8b8323000 	C:\WINDOWS\system32\rsaenh.dll
0x00007ff8ba060000 - 0x00007ff8ba086000 	C:\WINDOWS\System32\bcrypt.dll
0x00007ff8b8e00000 - 0x00007ff8b8e28000 	C:\WINDOWS\SYSTEM32\USERENV.dll
0x00007ff8b8940000 - 0x00007ff8b894c000 	C:\WINDOWS\SYSTEM32\CRYPTBASE.dll
0x00007ff8b8490000 - 0x00007ff8b84cd000 	C:\WINDOWS\SYSTEM32\IPHLPAPI.DLL
0x00007ff8bcb50000 - 0x00007ff8bcb58000 	C:\WINDOWS\System32\NSI.dll
0x00007ff8b2100000 - 0x00007ff8b2116000 	C:\WINDOWS\SYSTEM32\dhcpcsvc6.DLL
0x00007ff8b2d70000 - 0x00007ff8b2d8c000 	C:\WINDOWS\SYSTEM32\dhcpcsvc.DLL
0x00007ff8b84d0000 - 0x00007ff8b8596000 	C:\WINDOWS\SYSTEM32\DNSAPI.dll

VM Arguments:
jvm_args: -Xmx1536m -Dfile.encoding=windows-1252 -Duser.country=US -Duser.language=en -Duser.variant 
java_command: org.gradle.launcher.daemon.bootstrap.GradleDaemon 4.6
java_class_path (initial): C:\Users\DELL\.gradle\wrapper\dists\gradle-4.6-all\bcst21l2brirad8k2ben1letg\gradle-4.6\lib\gradle-launcher-4.6.jar
Launcher Type: SUN_STANDARD

Environment Variables:
PATH=C:\WINDOWS\system32;C:\WINDOWS;C:\WINDOWS\System32\Wbem;C:\WINDOWS\System32\WindowsPowerShell\v1.0\;C:\WINDOWS\System32\OpenSSH\;;C:\Users\DELL\AppData\Local\Microsoft\WindowsApps;C:\Users\DELL\AppData\Local\Programs\Microsoft VS Code\bin
USERNAME=DELL
OS=Windows_NT
PROCESSOR_IDENTIFIER=Intel64 Family 6 Model 69 Stepping 1, GenuineIntel



---------------  S Y S T E M  ---------------

OS: Windows 10.0 , 64 bit Build 17763 (10.0.17763.475)

CPU:total 4 (initial active 4) (2 cores per cpu, 2 threads per core) family 6 model 69 stepping 1, cmov, cx8, fxsr, mmx, sse, sse2, sse3, ssse3, sse4.1, sse4.2, popcnt, avx, avx2, aes, clmul, erms, lzcnt, ht, tsc, tscinvbit, bmi1, bmi2

Memory: 4k page, physical 8291768k(1230876k free), swap 16227636k(5120k free)

vm_info: OpenJDK 64-Bit Server VM (25.202-b03) for windows-amd64 JRE (1.8.0_202-release-1483-b03), built by "builder" with MS VC++ 10.0 (VS2010)

time: Fri Nov 22 10:05:41 2019
timezone: SE Asia Standard Time
elapsed time: 2 seconds (0d 0h 0m 2s)

