#
# There is insufficient memory for the Java Runtime Environment to continue.
# Native memory allocation (malloc) failed to allocate 1045456 bytes for Chunk::new
# Possible reasons:
#   The system is out of physical RAM or swap space
#   The process is running with CompressedOops enabled, and the Java Heap may be blocking the growth of the native heap
# Possible solutions:
#   Reduce memory load on the system
#   Increase physical memory or swap space
#   Check if swap backing store is full
#   Decrease Java heap size (-Xmx/-Xms)
#   Decrease number of Java threads
#   Decrease Java thread stack sizes (-Xss)
#   Set larger code cache with -XX:ReservedCodeCacheSize=
#   JVM is running with Unscaled Compressed Oops mode in which the Java heap is
#     placed in the first 4GB address space. The Java Heap base address is the
#     maximum limit for the native heap growth. Please use -XX:HeapBaseMinAddress
#     to set the Java Heap base and to place the Java Heap above 4GB virtual address.
# This output file may be truncated or incomplete.
#
#  Out of Memory Error (allocation.cpp:389), pid=4460, tid=0x00000000000020d0
#
# JRE version: OpenJDK Runtime Environment (8.0_202-b03) (build 1.8.0_202-release-1483-b03)
# Java VM: OpenJDK 64-Bit Server VM (25.202-b03 mixed mode windows-amd64 compressed oops)
# Failed to write core dump. Minidumps are not enabled by default on client versions of Windows
#

---------------  T H R E A D  ---------------

Current thread (0x0000000015e3a800):  JavaThread "C2 CompilerThread0" daemon [_thread_in_native, id=8400, stack(0x0000000017490000,0x0000000017590000)]

Stack: [0x0000000017490000,0x0000000017590000]
[error occurred during error reporting (printing stack bounds), id 0xc0000005]

Native frames: (J=compiled Java code, j=interpreted, Vv=VM code, C=native code)


Current CompileTask:
C2:   3095 1474   !   4       java.net.URLClassLoader$1::run (63 bytes)


---------------  P R O C E S S  ---------------

Java Threads: ( => current thread )
  0x000000001ab4d000 JavaThread "Cache worker for file hash cache (C:\Users\DELL\AndroidStudioProjects\CRUDMySQL\.gradle\4.6\fileHashes)" [_thread_blocked, id=8964, stack(0x000000001b9b0000,0x000000001bab0000)]
  0x00000000190fd800 JavaThread "File lock request listener" [_thread_in_native, id=5112, stack(0x000000001a8e0000,0x000000001a9e0000)]
  0x00000000190c1000 JavaThread "Cache worker for file hash cache (C:\Users\DELL\.gradle\caches\4.6\fileHashes)" [_thread_blocked, id=12280, stack(0x000000001a7e0000,0x000000001a8e0000)]
  0x0000000017b1a800 JavaThread "Stdin handler" [_thread_blocked, id=13148, stack(0x000000001a4e0000,0x000000001a5e0000)]
  0x0000000017aa2800 JavaThread "Asynchronous log dispatcher for DefaultDaemonConnection: socket connection from /127.0.0.1:50075 to /127.0.0.1:50076" [_thread_blocked, id=6756, stack(0x000000001a3e0000,0x000000001a4e0000)]
  0x0000000017a9a800 JavaThread "Daemon worker" [_thread_in_vm, id=8456, stack(0x000000001a2e0000,0x000000001a3e0000)]
  0x0000000017a99800 JavaThread "Cancel handler" [_thread_blocked, id=9640, stack(0x000000001a1e0000,0x000000001a2e0000)]
  0x000000001797d800 JavaThread "Handler for socket connection from /127.0.0.1:50075 to /127.0.0.1:50076" [_thread_in_native, id=7864, stack(0x0000000019ee0000,0x0000000019fe0000)]
  0x000000001797c000 JavaThread "Daemon" [_thread_blocked, id=5260, stack(0x0000000019de0000,0x0000000019ee0000)]
  0x0000000017844800 JavaThread "Daemon periodic checks" [_thread_blocked, id=1512, stack(0x0000000019ce0000,0x0000000019de0000)]
  0x0000000018ff6000 JavaThread "Incoming local TCP Connector on port 50075" [_thread_in_native, id=10248, stack(0x0000000019aa0000,0x0000000019ba0000)]
  0x00000000177b8800 JavaThread "Service Thread" daemon [_thread_blocked, id=10324, stack(0x0000000017b90000,0x0000000017c90000)]
  0x0000000015e49000 JavaThread "C1 CompilerThread2" daemon [_thread_blocked, id=8864, stack(0x0000000017690000,0x0000000017790000)]
  0x0000000015e41800 JavaThread "C2 CompilerThread1" daemon [_thread_in_native, id=7092, stack(0x0000000017590000,0x0000000017690000)]
=>0x0000000015e3a800 JavaThread "C2 CompilerThread0" daemon [_thread_in_native, id=8400, stack(0x0000000017490000,0x0000000017590000)]
  0x0000000015e39000 JavaThread "Attach Listener" daemon [_thread_blocked, id=1456, stack(0x0000000017390000,0x0000000017490000)]
  0x0000000015e37800 JavaThread "Signal Dispatcher" daemon [_thread_blocked, id=6440, stack(0x0000000017290000,0x0000000017390000)]
  0x00000000024ca800 JavaThread "Finalizer" daemon [_thread_blocked, id=4616, stack(0x0000000017090000,0x0000000017190000)]
  0x0000000015e29000 JavaThread "Reference Handler" daemon [_thread_blocked, id=8568, stack(0x0000000016f90000,0x0000000017090000)]
  0x0000000000a3d800 JavaThread "main" [_thread_blocked, id=4920, stack(0x0000000002260000,0x0000000002360000)]

Other Threads:
  0x0000000015e06000 VMThread [stack: 0x0000000016e90000,0x0000000016f90000] [id=9668]
  0x0000000015e68000 WatcherThread [stack: 0x0000000017c90000,0x0000000017d90000] [id=264]

VM state:not at safepoint (normal execution)

VM Mutex/Monitor currently owned by a thread: None

heap address: 0x00000000a0000000, size: 1536 MB, Compressed Oops mode: 32-bit
Narrow klass base: 0x0000000000000000, Narrow klass shift: 3
Compressed class space size: 1073741824 Address: 0x0000000100000000

Heap:
 PSYoungGen      total 38400K, used 27042K [0x00000000e0000000, 0x00000000e4b00000, 0x0000000100000000)
  eden space 33280K, 65% used [0x00000000e0000000,0x00000000e156cb48,0x00000000e2080000)
  from space 5120K, 99% used [0x00000000e2080000,0x00000000e257c030,0x00000000e2580000)
  to   space 5120K, 0% used [0x00000000e4600000,0x00000000e4600000,0x00000000e4b00000)
 ParOldGen       total 87552K, used 2062K [0x00000000a0000000, 0x00000000a5580000, 0x00000000e0000000)
  object space 87552K, 2% used [0x00000000a0000000,0x00000000a0203920,0x00000000a5580000)
 Metaspace       used 16210K, capacity 16508K, committed 16640K, reserved 1062912K
  class space    used 2316K, capacity 2444K, committed 2560K, reserved 1048576K

Card table byte_map: [0x0000000011890000,0x0000000011ba0000] byte_map_base: 0x0000000011390000

Marking Bits: (ParMarkBitMap*) 0x0000000056059f30
 Begin Bits: [0x00000000121a0000, 0x00000000139a0000)
 End Bits:   [0x00000000139a0000, 0x00000000151a0000)

Polling page: 0x0000000000990000

CodeCache: size=245760Kb used=5002Kb max_used=5002Kb free=240757Kb
 bounds [0x00000000024d0000, 0x00000000029c0000, 0x00000000114d0000]
 total_blobs=1869 nmethods=1495 adapters=287
 compilation: enabled

Compilation events (10 events):
Event: 3.023 Thread 0x0000000015e49000 1489   !   3       org.gradle.internal.service.DefaultServiceRegistry$ParentServices::getService (55 bytes)
Event: 3.024 Thread 0x0000000015e49000 nmethod 1489 0x00000000029b0190 code [0x00000000029b0380, 0x00000000029b0bc8]
Event: 3.024 Thread 0x0000000015e49000 1490       3       org.gradle.internal.service.DefaultServiceRegistry::access$1900 (6 bytes)
Event: 3.024 Thread 0x0000000015e49000 nmethod 1490 0x00000000029b0f10 code [0x00000000029b1080, 0x00000000029b11e8]
Event: 3.033 Thread 0x0000000015e49000 1491       1       java.util.concurrent.locks.AbstractOwnableSynchronizer::getExclusiveOwnerThread (5 bytes)
Event: 3.033 Thread 0x0000000015e49000 nmethod 1491 0x00000000029b12d0 code [0x00000000029b1420, 0x00000000029b1530]
Event: 3.040 Thread 0x0000000015e49000 1492       3       java.util.jar.Manifest$FastInputStream::fill (38 bytes)
Event: 3.041 Thread 0x0000000015e49000 nmethod 1492 0x00000000029b1590 code [0x00000000029b1700, 0x00000000029b1988]
Event: 3.087 Thread 0x0000000015e49000 1494   !   3       org.gradle.internal.service.DefaultServiceRegistry::noLongerMutable (52 bytes)
Event: 3.088 Thread 0x0000000015e49000 nmethod 1494 0x00000000029b1a50 code [0x00000000029b1bc0, 0x00000000029b1ff0]

GC Heap History (6 events):
Event: 1.123 GC heap before
{Heap before GC invocations=1 (full 0):
 PSYoungGen      total 38400K, used 33280K [0x00000000e0000000, 0x00000000e2a80000, 0x0000000100000000)
  eden space 33280K, 100% used [0x00000000e0000000,0x00000000e2080000,0x00000000e2080000)
  from space 5120K, 0% used [0x00000000e2580000,0x00000000e2580000,0x00000000e2a80000)
  to   space 5120K, 0% used [0x00000000e2080000,0x00000000e2080000,0x00000000e2580000)
 ParOldGen       total 87552K, used 0K [0x00000000a0000000, 0x00000000a5580000, 0x00000000e0000000)
  object space 87552K, 0% used [0x00000000a0000000,0x00000000a0000000,0x00000000a5580000)
 Metaspace       used 6653K, capacity 6768K, committed 7040K, reserved 1056768K
  class space    used 809K, capacity 876K, committed 896K, reserved 1048576K
Event: 1.129 GC heap after
Heap after GC invocations=1 (full 0):
 PSYoungGen      total 38400K, used 4158K [0x00000000e0000000, 0x00000000e2a80000, 0x0000000100000000)
  eden space 33280K, 0% used [0x00000000e0000000,0x00000000e0000000,0x00000000e2080000)
  from space 5120K, 81% used [0x00000000e2080000,0x00000000e248fba8,0x00000000e2580000)
  to   space 5120K, 0% used [0x00000000e2580000,0x00000000e2580000,0x00000000e2a80000)
 ParOldGen       total 87552K, used 8K [0x00000000a0000000, 0x00000000a5580000, 0x00000000e0000000)
  object space 87552K, 0% used [0x00000000a0000000,0x00000000a0002000,0x00000000a5580000)
 Metaspace       used 6653K, capacity 6768K, committed 7040K, reserved 1056768K
  class space    used 809K, capacity 876K, committed 896K, reserved 1048576K
}
Event: 2.368 GC heap before
{Heap before GC invocations=2 (full 0):
 PSYoungGen      total 38400K, used 37438K [0x00000000e0000000, 0x00000000e2a80000, 0x0000000100000000)
  eden space 33280K, 100% used [0x00000000e0000000,0x00000000e2080000,0x00000000e2080000)
  from space 5120K, 81% used [0x00000000e2080000,0x00000000e248fba8,0x00000000e2580000)
  to   space 5120K, 0% used [0x00000000e2580000,0x00000000e2580000,0x00000000e2a80000)
 ParOldGen       total 87552K, used 8K [0x00000000a0000000, 0x00000000a5580000, 0x00000000e0000000)
  object space 87552K, 0% used [0x00000000a0000000,0x00000000a0002028,0x00000000a5580000)
 Metaspace       used 10885K, capacity 11146K, committed 11264K, reserved 1058816K
  class space    used 1420K, capacity 1519K, committed 1536K, reserved 1048576K
Event: 2.376 GC heap after
Heap after GC invocations=2 (full 0):
 PSYoungGen      total 38400K, used 5103K [0x00000000e0000000, 0x00000000e2a80000, 0x0000000100000000)
  eden space 33280K, 0% used [0x00000000e0000000,0x00000000e0000000,0x00000000e2080000)
  from space 5120K, 99% used [0x00000000e2580000,0x00000000e2a7bfc8,0x00000000e2a80000)
  to   space 5120K, 0% used [0x00000000e2080000,0x00000000e2080000,0x00000000e2580000)
 ParOldGen       total 87552K, used 229K [0x00000000a0000000, 0x00000000a5580000, 0x00000000e0000000)
  object space 87552K, 0% used [0x00000000a0000000,0x00000000a0039790,0x00000000a5580000)
 Metaspace       used 10885K, capacity 11146K, committed 11264K, reserved 1058816K
  class space    used 1420K, capacity 1519K, committed 1536K, reserved 1048576K
}
Event: 2.754 GC heap before
{Heap before GC invocations=3 (full 0):
 PSYoungGen      total 38400K, used 38383K [0x00000000e0000000, 0x00000000e2a80000, 0x0000000100000000)
  eden space 33280K, 100% used [0x00000000e0000000,0x00000000e2080000,0x00000000e2080000)
  from space 5120K, 99% used [0x00000000e2580000,0x00000000e2a7bfc8,0x00000000e2a80000)
  to   space 5120K, 0% used [0x00000000e2080000,0x00000000e2080000,0x00000000e2580000)
 ParOldGen       total 87552K, used 242K [0x00000000a0000000, 0x00000000a5580000, 0x00000000e0000000)
  object space 87552K, 0% used [0x00000000a0000000,0x00000000a003ca38,0x00000000a5580000)
 Metaspace       used 14130K, capacity 14492K, committed 14720K, reserved 1062912K
  class space    used 1973K, capacity 2092K, committed 2176K, reserved 1048576K
Event: 2.763 GC heap after
Heap after GC invocations=3 (full 0):
 PSYoungGen      total 38400K, used 5104K [0x00000000e0000000, 0x00000000e4b00000, 0x0000000100000000)
  eden space 33280K, 0% used [0x00000000e0000000,0x00000000e0000000,0x00000000e2080000)
  from space 5120K, 99% used [0x00000000e2080000,0x00000000e257c030,0x00000000e2580000)
  to   space 5120K, 0% used [0x00000000e4600000,0x00000000e4600000,0x00000000e4b00000)
 ParOldGen       total 87552K, used 2062K [0x00000000a0000000, 0x00000000a5580000, 0x00000000e0000000)
  object space 87552K, 2% used [0x00000000a0000000,0x00000000a0203920,0x00000000a5580000)
 Metaspace       used 14130K, capacity 14492K, committed 14720K, reserved 1062912K
  class space    used 1973K, capacity 2092K, committed 2176K, reserved 1048576K
}

Deoptimization events (10 events):
Event: 1.469 Thread 0x0000000000a3d800 Uncommon trap: reason=bimorphic action=maybe_recompile pc=0x00000000027fddd8 method=java.util.HashMap.putVal(ILjava/lang/Object;Ljava/lang/Object;ZZ)Ljava/lang/Object; @ 203
Event: 1.778 Thread 0x0000000000a3d800 Uncommon trap: reason=unstable_if action=reinterpret pc=0x0000000002767930 method=java.io.WinNTFileSystem.normalize(Ljava/lang/String;)Ljava/lang/String; @ 128
Event: 2.428 Thread 0x000000001797d800 Uncommon trap: reason=unstable_if action=reinterpret pc=0x00000000028d70f0 method=java.util.concurrent.ConcurrentHashMap.putVal(Ljava/lang/Object;Ljava/lang/Object;Z)Ljava/lang/Object; @ 206
Event: 2.501 Thread 0x0000000017a9a800 Uncommon trap: reason=bimorphic action=maybe_recompile pc=0x00000000027fd71c method=java.util.HashMap.putVal(ILjava/lang/Object;Ljava/lang/Object;ZZ)Ljava/lang/Object; @ 253
Event: 2.501 Thread 0x0000000017a9a800 Uncommon trap: reason=bimorphic action=maybe_recompile pc=0x00000000027fd71c method=java.util.HashMap.putVal(ILjava/lang/Object;Ljava/lang/Object;ZZ)Ljava/lang/Object; @ 253
Event: 2.501 Thread 0x0000000017a9a800 Uncommon trap: reason=bimorphic action=maybe_recompile pc=0x00000000027fd71c method=java.util.HashMap.putVal(ILjava/lang/Object;Ljava/lang/Object;ZZ)Ljava/lang/Object; @ 253
Event: 2.680 Thread 0x0000000017a9a800 Uncommon trap: reason=class_check action=maybe_recompile pc=0x0000000002762884 method=java.util.regex.Matcher.match(II)Z @ 86
Event: 2.680 Thread 0x0000000017a9a800 Uncommon trap: reason=class_check action=maybe_recompile pc=0x0000000002762884 method=java.util.regex.Matcher.match(II)Z @ 86
Event: 2.733 Thread 0x0000000017a9a800 Uncommon trap: reason=class_check action=maybe_recompile pc=0x000000000272e6dc method=java.util.regex.Matcher.match(II)Z @ 86
Event: 2.953 Thread 0x0000000017a9a800 Uncommon trap: reason=unstable_if action=reinterpret pc=0x00000000029680dc method=java.util.jar.JarFile.maybeInstantiateVerifier()V @ 21

Classes redefined (0 events):
No events

Internal exceptions (10 events):
Event: 2.444 Thread 0x000000001797d800 Exception <a 'java/lang/NoSuchMethodError': <clinit>> (0x00000000e03cfc98) thrown at [D:\src\AOSP-openjdk-cygwin\jdk8u\hotspot\src\share\vm\prims\jni.cpp, line 1614]
Event: 2.445 Thread 0x000000001797d800 Exception <a 'java/lang/NoSuchMethodError': <clinit>> (0x00000000e03e16b8) thrown at [D:\src\AOSP-openjdk-cygwin\jdk8u\hotspot\src\share\vm\prims\jni.cpp, line 1614]
Event: 2.462 Thread 0x000000001797d800 Exception <a 'java/lang/NoSuchMethodError': <clinit>> (0x00000000e045f990) thrown at [D:\src\AOSP-openjdk-cygwin\jdk8u\hotspot\src\share\vm\prims\jni.cpp, line 1614]
Event: 2.466 Thread 0x000000001797d800 Exception <a 'java/lang/NoSuchMethodError': <clinit>> (0x00000000e0484fb8) thrown at [D:\src\AOSP-openjdk-cygwin\jdk8u\hotspot\src\share\vm\prims\jni.cpp, line 1614]
Event: 2.470 Thread 0x000000001797d800 Exception <a 'java/lang/NoSuchMethodError': <clinit>> (0x00000000e049fbb0) thrown at [D:\src\AOSP-openjdk-cygwin\jdk8u\hotspot\src\share\vm\prims\jni.cpp, line 1614]
Event: 2.472 Thread 0x000000001797d800 Exception <a 'java/lang/NoSuchMethodError': <clinit>> (0x00000000e04ab818) thrown at [D:\src\AOSP-openjdk-cygwin\jdk8u\hotspot\src\share\vm\prims\jni.cpp, line 1614]
Event: 2.475 Thread 0x000000001797d800 Exception <a 'java/lang/NoSuchMethodError': <clinit>> (0x00000000e04cd938) thrown at [D:\src\AOSP-openjdk-cygwin\jdk8u\hotspot\src\share\vm\prims\jni.cpp, line 1614]
Event: 2.491 Thread 0x0000000017a9a800 Exception <a 'java/lang/NoSuchMethodError': <clinit>> (0x00000000e05a3d18) thrown at [D:\src\AOSP-openjdk-cygwin\jdk8u\hotspot\src\share\vm\prims\jni.cpp, line 1614]
Event: 2.491 Thread 0x0000000017a9a800 Exception <a 'java/lang/NoSuchMethodError': <clinit>> (0x00000000e05ac008) thrown at [D:\src\AOSP-openjdk-cygwin\jdk8u\hotspot\src\share\vm\prims\jni.cpp, line 1614]
Event: 2.953 Thread 0x0000000017a9a800 Implicit null exception at 0x0000000002967cfb to 0x00000000029680cd

Events (10 events):
Event: 3.087 loading class org/gradle/invocation/DefaultGradle
Event: 3.087 loading class org/gradle/invocation/DefaultGradle done
Event: 3.088 loading class org/gradle/api/internal/GradleInternal
Event: 3.088 loading class org/gradle/api/internal/GradleInternal done
Event: 3.088 loading class org/gradle/api/internal/project/AbstractPluginAware
Event: 3.088 loading class org/gradle/api/internal/project/AbstractPluginAware done
Event: 3.089 loading class org/gradle/api/execution/TaskExecutionGraph
Event: 3.089 loading class org/gradle/api/execution/TaskExecutionGraph done
Event: 3.090 loading class org/gradle/api/plugins/PluginManager
Event: 3.090 loading class org/gradle/api/plugins/PluginManager done


Dynamic libraries:
0x00007ff7eda00000 - 0x00007ff7eda31000 	C:\Program Files\Android\Android Studio\jre\bin\java.exe
0x00007ff8bce30000 - 0x00007ff8bd01d000 	C:\WINDOWS\SYSTEM32\ntdll.dll
0x00007ff8bca90000 - 0x00007ff8bcb43000 	C:\WINDOWS\System32\KERNEL32.DLL
0x00007ff8b93d0000 - 0x00007ff8b9663000 	C:\WINDOWS\System32\KERNELBASE.dll
0x00007ff8ba2d0000 - 0x00007ff8ba373000 	C:\WINDOWS\System32\ADVAPI32.dll
0x00007ff8bad30000 - 0x00007ff8badce000 	C:\WINDOWS\System32\msvcrt.dll
0x00007ff8bc9f0000 - 0x00007ff8bca8e000 	C:\WINDOWS\System32\sechost.dll
0x00007ff8badd0000 - 0x00007ff8baef2000 	C:\WINDOWS\System32\RPCRT4.dll
0x00007ff8ba130000 - 0x00007ff8ba2c7000 	C:\WINDOWS\System32\USER32.dll
0x00007ff8b8fd0000 - 0x00007ff8b8ff0000 	C:\WINDOWS\System32\win32u.dll
0x00007ff8bad00000 - 0x00007ff8bad29000 	C:\WINDOWS\System32\GDI32.dll
0x00007ff8b8ff0000 - 0x00007ff8b9189000 	C:\WINDOWS\System32\gdi32full.dll
0x00007ff8b96c0000 - 0x00007ff8b9760000 	C:\WINDOWS\System32\msvcp_win.dll
0x00007ff8b9760000 - 0x00007ff8b985a000 	C:\WINDOWS\System32\ucrtbase.dll
0x00007ff8a5f40000 - 0x00007ff8a61b9000 	C:\WINDOWS\WinSxS\amd64_microsoft.windows.common-controls_6595b64144ccf1df_6.0.17763.864_none_05b3441807210760\COMCTL32.dll
0x00007ff8ba4b0000 - 0x00007ff8ba7dc000 	C:\WINDOWS\System32\combase.dll
0x00007ff8ba0b0000 - 0x00007ff8ba12e000 	C:\WINDOWS\System32\bcryptPrimitives.dll
0x00007ff8baf00000 - 0x00007ff8baf2e000 	C:\WINDOWS\System32\IMM32.DLL
0x00000000556d0000 - 0x00000000557a2000 	C:\Program Files\Android\Android Studio\jre\jre\bin\msvcr100.dll
0x0000000055890000 - 0x00000000560d6000 	C:\Program Files\Android\Android Studio\jre\jre\bin\server\jvm.dll
0x00007ff8bc8b0000 - 0x00007ff8bc8b8000 	C:\WINDOWS\System32\PSAPI.DLL
0x00007ff8b0ac0000 - 0x00007ff8b0ac9000 	C:\WINDOWS\SYSTEM32\WSOCK32.dll
0x00007ff8b2bc0000 - 0x00007ff8b2be4000 	C:\WINDOWS\SYSTEM32\WINMM.dll
0x00007ff8bc920000 - 0x00007ff8bc98d000 	C:\WINDOWS\System32\WS2_32.dll
0x00007ff8a92a0000 - 0x00007ff8a92aa000 	C:\WINDOWS\SYSTEM32\VERSION.dll
0x00007ff8b2b90000 - 0x00007ff8b2bbd000 	C:\WINDOWS\SYSTEM32\WINMMBASE.dll
0x00007ff8b9670000 - 0x00007ff8b96ba000 	C:\WINDOWS\System32\cfgmgr32.dll
0x00007ff8ad7e0000 - 0x00007ff8ad7ef000 	C:\Program Files\Android\Android Studio\jre\jre\bin\verify.dll
0x00007ff89d990000 - 0x00007ff89d9b9000 	C:\Program Files\Android\Android Studio\jre\jre\bin\java.dll
0x00007ff89e070000 - 0x00007ff89e086000 	C:\Program Files\Android\Android Studio\jre\jre\bin\zip.dll
0x00007ff8bb3b0000 - 0x00007ff8bc8a4000 	C:\WINDOWS\System32\SHELL32.dll
0x00007ff8baaf0000 - 0x00007ff8bab98000 	C:\WINDOWS\System32\shcore.dll
0x00007ff8b9910000 - 0x00007ff8ba05d000 	C:\WINDOWS\System32\windows.storage.dll
0x00007ff8b8fa0000 - 0x00007ff8b8fc4000 	C:\WINDOWS\System32\profapi.dll
0x00007ff8b8f20000 - 0x00007ff8b8f7d000 	C:\WINDOWS\System32\powrprof.dll
0x00007ff8bc8c0000 - 0x00007ff8bc912000 	C:\WINDOWS\System32\shlwapi.dll
0x00007ff8b8f80000 - 0x00007ff8b8f91000 	C:\WINDOWS\System32\kernel.appcore.dll
0x00007ff8ba090000 - 0x00007ff8ba0a7000 	C:\WINDOWS\System32\cryptsp.dll
0x00007ff89d970000 - 0x00007ff89d98a000 	C:\Program Files\Android\Android Studio\jre\jre\bin\net.dll
0x00007ff8b8770000 - 0x00007ff8b87d7000 	C:\WINDOWS\system32\mswsock.dll
0x00007ff89d950000 - 0x00007ff89d961000 	C:\Program Files\Android\Android Studio\jre\jre\bin\nio.dll
0x00007ff8b4d50000 - 0x00007ff8b4d6e000 	C:\Users\DELL\.gradle\native\25\windows-amd64\native-platform.dll
0x00007ff8ab310000 - 0x00007ff8ab31d000 	C:\Program Files\Android\Android Studio\jre\jre\bin\management.dll
0x00007ff8b82f0000 - 0x00007ff8b8323000 	C:\WINDOWS\system32\rsaenh.dll
0x00007ff8ba060000 - 0x00007ff8ba086000 	C:\WINDOWS\System32\bcrypt.dll
0x00007ff8b8e00000 - 0x00007ff8b8e28000 	C:\WINDOWS\SYSTEM32\USERENV.dll
0x00007ff8b8940000 - 0x00007ff8b894c000 	C:\WINDOWS\SYSTEM32\CRYPTBASE.dll
0x00007ff8b8490000 - 0x00007ff8b84cd000 	C:\WINDOWS\SYSTEM32\IPHLPAPI.DLL
0x00007ff8bcb50000 - 0x00007ff8bcb58000 	C:\WINDOWS\System32\NSI.dll
0x00007ff8b2100000 - 0x00007ff8b2116000 	C:\WINDOWS\SYSTEM32\dhcpcsvc6.DLL
0x00007ff8b2d70000 - 0x00007ff8b2d8c000 	C:\WINDOWS\SYSTEM32\dhcpcsvc.DLL
0x00007ff8b84d0000 - 0x00007ff8b8596000 	C:\WINDOWS\SYSTEM32\DNSAPI.dll

VM Arguments:
jvm_args: -Xmx1536m -Dfile.encoding=windows-1252 -Duser.country=US -Duser.language=en -Duser.variant 
java_command: org.gradle.launcher.daemon.bootstrap.GradleDaemon 4.6
java_class_path (initial): C:\Users\DELL\.gradle\wrapper\dists\gradle-4.6-all\bcst21l2brirad8k2ben1letg\gradle-4.6\lib\gradle-launcher-4.6.jar
Launcher Type: SUN_STANDARD

Environment Variables:
PATH=C:\WINDOWS\system32;C:\WINDOWS;C:\WINDOWS\System32\Wbem;C:\WINDOWS\System32\WindowsPowerShell\v1.0\;C:\WINDOWS\System32\OpenSSH\;;C:\Users\DELL\AppData\Local\Microsoft\WindowsApps;C:\Users\DELL\AppData\Local\Programs\Microsoft VS Code\bin
USERNAME=DELL
OS=Windows_NT
PROCESSOR_IDENTIFIER=Intel64 Family 6 Model 69 Stepping 1, GenuineIntel



---------------  S Y S T E M  ---------------

OS: Windows 10.0 , 64 bit Build 17763 (10.0.17763.475)

CPU:total 4 (initial active 4) (2 cores per cpu, 2 threads per core) family 6 model 69 stepping 1, cmov, cx8, fxsr, mmx, sse, sse2, sse3, ssse3, sse4.1, sse4.2, popcnt, avx, avx2, aes, clmul, erms, lzcnt, ht, tsc, tscinvbit, bmi1, bmi2

Memory: 4k page, physical 8291768k(1235788k free), swap 16227636k(5172k free)

vm_info: OpenJDK 64-Bit Server VM (25.202-b03) for windows-amd64 JRE (1.8.0_202-release-1483-b03), built by "builder" with MS VC++ 10.0 (VS2010)

time: Fri Nov 22 10:05:33 2019
timezone: SE Asia Standard Time
elapsed time: 3 seconds (0d 0h 0m 3s)

