#
# There is insufficient memory for the Java Runtime Environment to continue.
# Native memory allocation (malloc) failed to allocate 524304 bytes for Chunk::new
# Possible reasons:
#   The system is out of physical RAM or swap space
#   The process is running with CompressedOops enabled, and the Java Heap may be blocking the growth of the native heap
# Possible solutions:
#   Reduce memory load on the system
#   Increase physical memory or swap space
#   Check if swap backing store is full
#   Decrease Java heap size (-Xmx/-Xms)
#   Decrease number of Java threads
#   Decrease Java thread stack sizes (-Xss)
#   Set larger code cache with -XX:ReservedCodeCacheSize=
#   JVM is running with Unscaled Compressed Oops mode in which the Java heap is
#     placed in the first 4GB address space. The Java Heap base address is the
#     maximum limit for the native heap growth. Please use -XX:HeapBaseMinAddress
#     to set the Java Heap base and to place the Java Heap above 4GB virtual address.
# This output file may be truncated or incomplete.
#
#  Out of Memory Error (allocation.cpp:389), pid=7460, tid=0x00000000000014f0
#
# JRE version: OpenJDK Runtime Environment (8.0_202-b03) (build 1.8.0_202-release-1483-b03)
# Java VM: OpenJDK 64-Bit Server VM (25.202-b03 mixed mode windows-amd64 compressed oops)
# Failed to write core dump. Minidumps are not enabled by default on client versions of Windows
#

---------------  T H R E A D  ---------------

Current thread (0x0000000016302800):  JavaThread "C2 CompilerThread1" daemon [_thread_in_native, id=5360, stack(0x0000000017a50000,0x0000000017b50000)]

Stack: [0x0000000017a50000,0x0000000017b50000]
[error occurred during error reporting (printing stack bounds), id 0xc0000005]

Native frames: (J=compiled Java code, j=interpreted, Vv=VM code, C=native code)


Current CompileTask:
C2:   3459 1366       4       java.net.URLClassLoader$1::run (5 bytes)


---------------  P R O C E S S  ---------------

Java Threads: ( => current thread )
  0x000000001af12800 JavaThread "Cache worker for file hash cache (C:\Users\DELL\AndroidStudioProjects\CRUDMySQL\.gradle\4.6\fileHashes)" [_thread_blocked, id=12644, stack(0x000000001be70000,0x000000001bf70000)]
  0x000000001958d800 JavaThread "File lock request listener" [_thread_in_native, id=7688, stack(0x000000001ada0000,0x000000001aea0000)]
  0x00000000197ad800 JavaThread "Cache worker for file hash cache (C:\Users\DELL\.gradle\caches\4.6\fileHashes)" [_thread_blocked, id=9548, stack(0x000000001aca0000,0x000000001ada0000)]
  0x0000000017fb9800 JavaThread "Stdin handler" [_thread_blocked, id=9824, stack(0x000000001a9a0000,0x000000001aaa0000)]
  0x0000000017fb8800 JavaThread "Asynchronous log dispatcher for DefaultDaemonConnection: socket connection from /127.0.0.1:50093 to /127.0.0.1:50094" [_thread_blocked, id=8724, stack(0x000000001a8a0000,0x000000001a9a0000)]
  0x000000001954a000 JavaThread "Daemon worker" [_thread_in_vm, id=5088, stack(0x000000001a7a0000,0x000000001a8a0000)]
  0x000000001954e800 JavaThread "Cancel handler" [_thread_blocked, id=8708, stack(0x000000001a6a0000,0x000000001a7a0000)]
  0x0000000019533800 JavaThread "Handler for socket connection from /127.0.0.1:50093 to /127.0.0.1:50094" [_thread_in_native, id=5576, stack(0x000000001a3a0000,0x000000001a4a0000)]
  0x0000000019532800 JavaThread "Daemon" [_thread_blocked, id=10064, stack(0x000000001a2a0000,0x000000001a3a0000)]
  0x00000000194ad800 JavaThread "Daemon periodic checks" [_thread_blocked, id=10576, stack(0x000000001a1a0000,0x000000001a2a0000)]
  0x0000000019494000 JavaThread "Incoming local TCP Connector on port 50093" [_thread_in_native, id=7624, stack(0x0000000019f60000,0x000000001a060000)]
  0x000000001635e800 JavaThread "Service Thread" daemon [_thread_blocked, id=5876, stack(0x0000000018050000,0x0000000018150000)]
  0x000000001630a800 JavaThread "C1 CompilerThread2" daemon [_thread_blocked, id=6352, stack(0x0000000017b50000,0x0000000017c50000)]
=>0x0000000016302800 JavaThread "C2 CompilerThread1" daemon [_thread_in_native, id=5360, stack(0x0000000017a50000,0x0000000017b50000)]
  0x00000000162fc000 JavaThread "C2 CompilerThread0" daemon [_thread_in_vm, id=9584, stack(0x0000000017950000,0x0000000017a50000)]
  0x00000000162fb000 JavaThread "Attach Listener" daemon [_thread_blocked, id=8780, stack(0x0000000017850000,0x0000000017950000)]
  0x00000000162f7800 JavaThread "Signal Dispatcher" daemon [_thread_blocked, id=8412, stack(0x0000000017750000,0x0000000017850000)]
  0x000000000298a800 JavaThread "Finalizer" daemon [_thread_blocked, id=3864, stack(0x0000000017550000,0x0000000017650000)]
  0x00000000162e9000 JavaThread "Reference Handler" daemon [_thread_blocked, id=6400, stack(0x0000000017450000,0x0000000017550000)]
  0x0000000000e4d800 JavaThread "main" [_thread_blocked, id=7156, stack(0x0000000002690000,0x0000000002790000)]

Other Threads:
  0x00000000162c6000 VMThread [stack: 0x0000000017350000,0x0000000017450000] [id=4348]
  0x0000000017c6f000 WatcherThread [stack: 0x0000000018150000,0x0000000018250000] [id=5836]

VM state:not at safepoint (normal execution)

VM Mutex/Monitor currently owned by a thread: None

heap address: 0x00000000a0000000, size: 1536 MB, Compressed Oops mode: 32-bit
Narrow klass base: 0x0000000000000000, Narrow klass shift: 3
Compressed class space size: 1073741824 Address: 0x0000000100000000

Heap:
 PSYoungGen      total 38400K, used 17531K [0x00000000e0000000, 0x00000000e2a80000, 0x0000000100000000)
  eden space 33280K, 37% used [0x00000000e0000000,0x00000000e0c25dd0,0x00000000e2080000)
  from space 5120K, 99% used [0x00000000e2080000,0x00000000e2578e88,0x00000000e2580000)
  to   space 5120K, 0% used [0x00000000e2580000,0x00000000e2580000,0x00000000e2a80000)
 ParOldGen       total 87552K, used 2052K [0x00000000a0000000, 0x00000000a5580000, 0x00000000e0000000)
  object space 87552K, 2% used [0x00000000a0000000,0x00000000a0201330,0x00000000a5580000)
 Metaspace       used 15356K, capacity 15740K, committed 16000K, reserved 1062912K
  class space    used 2175K, capacity 2316K, committed 2432K, reserved 1048576K

Card table byte_map: [0x0000000011d50000,0x0000000012060000] byte_map_base: 0x0000000011850000

Marking Bits: (ParMarkBitMap*) 0x0000000056059f30
 Begin Bits: [0x0000000012660000, 0x0000000013e60000)
 End Bits:   [0x0000000013e60000, 0x0000000015660000)

Polling page: 0x00000000008a0000

CodeCache: size=245760Kb used=4976Kb max_used=4976Kb free=240783Kb
 bounds [0x0000000002990000, 0x0000000002e70000, 0x0000000011990000]
 total_blobs=1853 nmethods=1480 adapters=286
 compilation: enabled

Compilation events (10 events):
Event: 3.430 Thread 0x000000001630a800 1480       1       sun.misc.ProxyGenerator::access$800 (5 bytes)
Event: 3.430 Thread 0x000000001630a800 nmethod 1480 0x0000000002e6c310 code [0x0000000002e6c460, 0x0000000002e6c550]
Event: 3.430 Thread 0x000000001630a800 1481       3       java.lang.AbstractStringBuilder::append (62 bytes)
Event: 3.432 Thread 0x000000001630a800 nmethod 1481 0x0000000002e6c5d0 code [0x0000000002e6c7c0, 0x0000000002e6d0f8]
Event: 3.432 Thread 0x000000001630a800 1483       3       java.lang.Class::arrayContentsEq (70 bytes)
Event: 3.432 Thread 0x000000001630a800 nmethod 1483 0x0000000002e6d610 code [0x0000000002e6d7a0, 0x0000000002e6dbd0]
Event: 3.432 Thread 0x000000001630a800 1482       3       java.util.ArrayList::toArray (60 bytes)
Event: 3.432 Thread 0x000000001630a800 nmethod 1482 0x0000000002e6dd50 code [0x0000000002e6dee0, 0x0000000002e6e498]
Event: 3.433 Thread 0x000000001630a800 1484       3       sun.misc.ProxyGenerator::access$700 (7 bytes)
Event: 3.433 Thread 0x000000001630a800 nmethod 1484 0x0000000002e6e5d0 code [0x0000000002e6e740, 0x0000000002e6e928]

GC Heap History (6 events):
Event: 1.242 GC heap before
{Heap before GC invocations=1 (full 0):
 PSYoungGen      total 38400K, used 33280K [0x00000000e0000000, 0x00000000e2a80000, 0x0000000100000000)
  eden space 33280K, 100% used [0x00000000e0000000,0x00000000e2080000,0x00000000e2080000)
  from space 5120K, 0% used [0x00000000e2580000,0x00000000e2580000,0x00000000e2a80000)
  to   space 5120K, 0% used [0x00000000e2080000,0x00000000e2080000,0x00000000e2580000)
 ParOldGen       total 87552K, used 0K [0x00000000a0000000, 0x00000000a5580000, 0x00000000e0000000)
  object space 87552K, 0% used [0x00000000a0000000,0x00000000a0000000,0x00000000a5580000)
 Metaspace       used 6644K, capacity 6768K, committed 7040K, reserved 1056768K
  class space    used 809K, capacity 876K, committed 896K, reserved 1048576K
Event: 1.249 GC heap after
Heap after GC invocations=1 (full 0):
 PSYoungGen      total 38400K, used 4158K [0x00000000e0000000, 0x00000000e2a80000, 0x0000000100000000)
  eden space 33280K, 0% used [0x00000000e0000000,0x00000000e0000000,0x00000000e2080000)
  from space 5120K, 81% used [0x00000000e2080000,0x00000000e248fa18,0x00000000e2580000)
  to   space 5120K, 0% used [0x00000000e2580000,0x00000000e2580000,0x00000000e2a80000)
 ParOldGen       total 87552K, used 8K [0x00000000a0000000, 0x00000000a5580000, 0x00000000e0000000)
  object space 87552K, 0% used [0x00000000a0000000,0x00000000a0002000,0x00000000a5580000)
 Metaspace       used 6644K, capacity 6768K, committed 7040K, reserved 1056768K
  class space    used 809K, capacity 876K, committed 896K, reserved 1048576K
}
Event: 2.780 GC heap before
{Heap before GC invocations=2 (full 0):
 PSYoungGen      total 38400K, used 37438K [0x00000000e0000000, 0x00000000e2a80000, 0x0000000100000000)
  eden space 33280K, 100% used [0x00000000e0000000,0x00000000e2080000,0x00000000e2080000)
  from space 5120K, 81% used [0x00000000e2080000,0x00000000e248fa18,0x00000000e2580000)
  to   space 5120K, 0% used [0x00000000e2580000,0x00000000e2580000,0x00000000e2a80000)
 ParOldGen       total 87552K, used 8K [0x00000000a0000000, 0x00000000a5580000, 0x00000000e0000000)
  object space 87552K, 0% used [0x00000000a0000000,0x00000000a0002000,0x00000000a5580000)
 Metaspace       used 10863K, capacity 11082K, committed 11264K, reserved 1058816K
  class space    used 1418K, capacity 1519K, committed 1536K, reserved 1048576K
Event: 2.787 GC heap after
Heap after GC invocations=2 (full 0):
 PSYoungGen      total 38400K, used 5103K [0x00000000e0000000, 0x00000000e2a80000, 0x0000000100000000)
  eden space 33280K, 0% used [0x00000000e0000000,0x00000000e0000000,0x00000000e2080000)
  from space 5120K, 99% used [0x00000000e2580000,0x00000000e2a7bfc8,0x00000000e2a80000)
  to   space 5120K, 0% used [0x00000000e2080000,0x00000000e2080000,0x00000000e2580000)
 ParOldGen       total 87552K, used 203K [0x00000000a0000000, 0x00000000a5580000, 0x00000000e0000000)
  object space 87552K, 0% used [0x00000000a0000000,0x00000000a0032f40,0x00000000a5580000)
 Metaspace       used 10863K, capacity 11082K, committed 11264K, reserved 1058816K
  class space    used 1418K, capacity 1519K, committed 1536K, reserved 1048576K
}
Event: 3.216 GC heap before
{Heap before GC invocations=3 (full 0):
 PSYoungGen      total 38400K, used 38383K [0x00000000e0000000, 0x00000000e2a80000, 0x0000000100000000)
  eden space 33280K, 100% used [0x00000000e0000000,0x00000000e2080000,0x00000000e2080000)
  from space 5120K, 99% used [0x00000000e2580000,0x00000000e2a7bfc8,0x00000000e2a80000)
  to   space 5120K, 0% used [0x00000000e2080000,0x00000000e2080000,0x00000000e2580000)
 ParOldGen       total 87552K, used 203K [0x00000000a0000000, 0x00000000a5580000, 0x00000000e0000000)
  object space 87552K, 0% used [0x00000000a0000000,0x00000000a0032f40,0x00000000a5580000)
 Metaspace       used 14085K, capacity 14364K, committed 14464K, reserved 1060864K
  class space    used 1968K, capacity 2092K, committed 2176K, reserved 1048576K
Event: 3.224 GC heap after
Heap after GC invocations=3 (full 0):
 PSYoungGen      total 38400K, used 5091K [0x00000000e0000000, 0x00000000e2a80000, 0x0000000100000000)
  eden space 33280K, 0% used [0x00000000e0000000,0x00000000e0000000,0x00000000e2080000)
  from space 5120K, 99% used [0x00000000e2080000,0x00000000e2578e88,0x00000000e2580000)
  to   space 5120K, 0% used [0x00000000e2580000,0x00000000e2580000,0x00000000e2a80000)
 ParOldGen       total 87552K, used 2052K [0x00000000a0000000, 0x00000000a5580000, 0x00000000e0000000)
  object space 87552K, 2% used [0x00000000a0000000,0x00000000a0201330,0x00000000a5580000)
 Metaspace       used 14085K, capacity 14364K, committed 14464K, reserved 1060864K
  class space    used 1968K, capacity 2092K, committed 2176K, reserved 1048576K
}

Deoptimization events (10 events):
Event: 1.520 Thread 0x0000000000e4d800 Uncommon trap: reason=unstable_if action=reinterpret pc=0x0000000002bdff74 method=java.util.HashMap.getNode(ILjava/lang/Object;)Ljava/util/HashMap$Node; @ 62
Event: 1.706 Thread 0x0000000000e4d800 Uncommon trap: reason=bimorphic action=maybe_recompile pc=0x0000000002cc2108 method=java.util.HashMap.putVal(ILjava/lang/Object;Ljava/lang/Object;ZZ)Ljava/lang/Object; @ 203
Event: 2.077 Thread 0x0000000000e4d800 Uncommon trap: reason=unstable_if action=reinterpret pc=0x0000000002c2c288 method=java.io.WinNTFileSystem.normalize(Ljava/lang/String;)Ljava/lang/String; @ 128
Event: 2.841 Thread 0x0000000019533800 Uncommon trap: reason=unstable_if action=reinterpret pc=0x0000000002d95170 method=java.util.concurrent.ConcurrentHashMap.putVal(Ljava/lang/Object;Ljava/lang/Object;Z)Ljava/lang/Object; @ 206
Event: 2.923 Thread 0x000000001954a000 Uncommon trap: reason=bimorphic action=maybe_recompile pc=0x0000000002cc1240 method=java.util.HashMap.putVal(ILjava/lang/Object;Ljava/lang/Object;ZZ)Ljava/lang/Object; @ 253
Event: 2.923 Thread 0x000000001954a000 Uncommon trap: reason=bimorphic action=maybe_recompile pc=0x0000000002cc1240 method=java.util.HashMap.putVal(ILjava/lang/Object;Ljava/lang/Object;ZZ)Ljava/lang/Object; @ 253
Event: 2.923 Thread 0x000000001954a000 Uncommon trap: reason=bimorphic action=maybe_recompile pc=0x0000000002cc1240 method=java.util.HashMap.putVal(ILjava/lang/Object;Ljava/lang/Object;ZZ)Ljava/lang/Object; @ 253
Event: 3.135 Thread 0x000000001954a000 Uncommon trap: reason=class_check action=maybe_recompile pc=0x0000000002befa1c method=java.util.regex.Matcher.match(II)Z @ 86
Event: 3.135 Thread 0x000000001954a000 Uncommon trap: reason=class_check action=maybe_recompile pc=0x0000000002befa1c method=java.util.regex.Matcher.match(II)Z @ 86
Event: 3.440 Thread 0x000000001954a000 Uncommon trap: reason=unstable_if action=reinterpret pc=0x0000000002e26adc method=java.util.jar.JarFile.maybeInstantiateVerifier()V @ 21

Classes redefined (0 events):
No events

Internal exceptions (10 events):
Event: 2.863 Thread 0x0000000019533800 Exception <a 'java/lang/NoSuchMethodError': <clinit>> (0x00000000e03fa428) thrown at [D:\src\AOSP-openjdk-cygwin\jdk8u\hotspot\src\share\vm\prims\jni.cpp, line 1614]
Event: 2.866 Thread 0x0000000019533800 Exception <a 'java/lang/NoSuchMethodError': <clinit>> (0x00000000e040be48) thrown at [D:\src\AOSP-openjdk-cygwin\jdk8u\hotspot\src\share\vm\prims\jni.cpp, line 1614]
Event: 2.881 Thread 0x0000000019533800 Exception <a 'java/lang/NoSuchMethodError': <clinit>> (0x00000000e048a120) thrown at [D:\src\AOSP-openjdk-cygwin\jdk8u\hotspot\src\share\vm\prims\jni.cpp, line 1614]
Event: 2.885 Thread 0x0000000019533800 Exception <a 'java/lang/NoSuchMethodError': <clinit>> (0x00000000e04af728) thrown at [D:\src\AOSP-openjdk-cygwin\jdk8u\hotspot\src\share\vm\prims\jni.cpp, line 1614]
Event: 2.889 Thread 0x0000000019533800 Exception <a 'java/lang/NoSuchMethodError': <clinit>> (0x00000000e04ca318) thrown at [D:\src\AOSP-openjdk-cygwin\jdk8u\hotspot\src\share\vm\prims\jni.cpp, line 1614]
Event: 2.890 Thread 0x0000000019533800 Exception <a 'java/lang/NoSuchMethodError': <clinit>> (0x00000000e04d5f40) thrown at [D:\src\AOSP-openjdk-cygwin\jdk8u\hotspot\src\share\vm\prims\jni.cpp, line 1614]
Event: 2.894 Thread 0x0000000019533800 Exception <a 'java/lang/NoSuchMethodError': <clinit>> (0x00000000e04f8060) thrown at [D:\src\AOSP-openjdk-cygwin\jdk8u\hotspot\src\share\vm\prims\jni.cpp, line 1614]
Event: 2.910 Thread 0x000000001954a000 Exception <a 'java/lang/NoSuchMethodError': <clinit>> (0x00000000e05ce4d0) thrown at [D:\src\AOSP-openjdk-cygwin\jdk8u\hotspot\src\share\vm\prims\jni.cpp, line 1614]
Event: 2.912 Thread 0x000000001954a000 Exception <a 'java/lang/NoSuchMethodError': <clinit>> (0x00000000e05d67c0) thrown at [D:\src\AOSP-openjdk-cygwin\jdk8u\hotspot\src\share\vm\prims\jni.cpp, line 1614]
Event: 3.440 Thread 0x000000001954a000 Implicit null exception at 0x0000000002e266fb to 0x0000000002e26acd

Events (10 events):
Event: 3.452 loading class org/gradle/api/internal/ConventionMapping
Event: 3.452 loading class org/gradle/api/internal/ConventionMapping done
Event: 3.453 loading class org/gradle/api/internal/GeneratedSubclass
Event: 3.453 loading class org/gradle/api/internal/GeneratedSubclass done
Event: 3.453 loading class org/gradle/api/internal/IConventionAware
Event: 3.453 loading class org/gradle/api/internal/IConventionAware done
Event: 3.453 loading class org/gradle/api/internal/ConventionAwareHelper
Event: 3.453 loading class org/gradle/api/internal/ConventionAwareHelper done
Event: 3.453 loading class org/gradle/api/internal/HasConvention
Event: 3.453 loading class org/gradle/api/internal/HasConvention done


Dynamic libraries:
0x00007ff7eda00000 - 0x00007ff7eda31000 	C:\Program Files\Android\Android Studio\jre\bin\java.exe
0x00007ff8bce30000 - 0x00007ff8bd01d000 	C:\WINDOWS\SYSTEM32\ntdll.dll
0x00007ff8bca90000 - 0x00007ff8bcb43000 	C:\WINDOWS\System32\KERNEL32.DLL
0x00007ff8b93d0000 - 0x00007ff8b9663000 	C:\WINDOWS\System32\KERNELBASE.dll
0x00007ff8ba2d0000 - 0x00007ff8ba373000 	C:\WINDOWS\System32\ADVAPI32.dll
0x00007ff8bad30000 - 0x00007ff8badce000 	C:\WINDOWS\System32\msvcrt.dll
0x00007ff8bc9f0000 - 0x00007ff8bca8e000 	C:\WINDOWS\System32\sechost.dll
0x00007ff8badd0000 - 0x00007ff8baef2000 	C:\WINDOWS\System32\RPCRT4.dll
0x00007ff8ba130000 - 0x00007ff8ba2c7000 	C:\WINDOWS\System32\USER32.dll
0x00007ff8b8fd0000 - 0x00007ff8b8ff0000 	C:\WINDOWS\System32\win32u.dll
0x00007ff8bad00000 - 0x00007ff8bad29000 	C:\WINDOWS\System32\GDI32.dll
0x00007ff8b8ff0000 - 0x00007ff8b9189000 	C:\WINDOWS\System32\gdi32full.dll
0x00007ff8b96c0000 - 0x00007ff8b9760000 	C:\WINDOWS\System32\msvcp_win.dll
0x00007ff8b9760000 - 0x00007ff8b985a000 	C:\WINDOWS\System32\ucrtbase.dll
0x00007ff8a5f40000 - 0x00007ff8a61b9000 	C:\WINDOWS\WinSxS\amd64_microsoft.windows.common-controls_6595b64144ccf1df_6.0.17763.864_none_05b3441807210760\COMCTL32.dll
0x00007ff8ba4b0000 - 0x00007ff8ba7dc000 	C:\WINDOWS\System32\combase.dll
0x00007ff8ba0b0000 - 0x00007ff8ba12e000 	C:\WINDOWS\System32\bcryptPrimitives.dll
0x00007ff8baf00000 - 0x00007ff8baf2e000 	C:\WINDOWS\System32\IMM32.DLL
0x00000000556d0000 - 0x00000000557a2000 	C:\Program Files\Android\Android Studio\jre\jre\bin\msvcr100.dll
0x0000000055890000 - 0x00000000560d6000 	C:\Program Files\Android\Android Studio\jre\jre\bin\server\jvm.dll
0x00007ff8bc8b0000 - 0x00007ff8bc8b8000 	C:\WINDOWS\System32\PSAPI.DLL
0x00007ff8b2bc0000 - 0x00007ff8b2be4000 	C:\WINDOWS\SYSTEM32\WINMM.dll
0x00007ff8a92a0000 - 0x00007ff8a92aa000 	C:\WINDOWS\SYSTEM32\VERSION.dll
0x00007ff8b2b90000 - 0x00007ff8b2bbd000 	C:\WINDOWS\SYSTEM32\winmmbase.dll
0x00007ff8b9670000 - 0x00007ff8b96ba000 	C:\WINDOWS\System32\cfgmgr32.dll
0x00007ff8b0ac0000 - 0x00007ff8b0ac9000 	C:\WINDOWS\SYSTEM32\WSOCK32.dll
0x00007ff8bc920000 - 0x00007ff8bc98d000 	C:\WINDOWS\System32\ws2_32.DLL
0x00007ff8ad7e0000 - 0x00007ff8ad7ef000 	C:\Program Files\Android\Android Studio\jre\jre\bin\verify.dll
0x00007ff89d990000 - 0x00007ff89d9b9000 	C:\Program Files\Android\Android Studio\jre\jre\bin\java.dll
0x00007ff89e070000 - 0x00007ff89e086000 	C:\Program Files\Android\Android Studio\jre\jre\bin\zip.dll
0x00007ff8bb3b0000 - 0x00007ff8bc8a4000 	C:\WINDOWS\System32\SHELL32.dll
0x00007ff8baaf0000 - 0x00007ff8bab98000 	C:\WINDOWS\System32\shcore.dll
0x00007ff8b9910000 - 0x00007ff8ba05d000 	C:\WINDOWS\System32\windows.storage.dll
0x00007ff8b8fa0000 - 0x00007ff8b8fc4000 	C:\WINDOWS\System32\profapi.dll
0x00007ff8b8f20000 - 0x00007ff8b8f7d000 	C:\WINDOWS\System32\powrprof.dll
0x00007ff8bc8c0000 - 0x00007ff8bc912000 	C:\WINDOWS\System32\shlwapi.dll
0x00007ff8b8f80000 - 0x00007ff8b8f91000 	C:\WINDOWS\System32\kernel.appcore.dll
0x00007ff8ba090000 - 0x00007ff8ba0a7000 	C:\WINDOWS\System32\cryptsp.dll
0x00007ff89d970000 - 0x00007ff89d98a000 	C:\Program Files\Android\Android Studio\jre\jre\bin\net.dll
0x00007ff8b8770000 - 0x00007ff8b87d7000 	C:\WINDOWS\system32\mswsock.dll
0x00007ff89d950000 - 0x00007ff89d961000 	C:\Program Files\Android\Android Studio\jre\jre\bin\nio.dll
0x00007ff8b4d50000 - 0x00007ff8b4d6e000 	C:\Users\DELL\.gradle\native\25\windows-amd64\native-platform.dll
0x00007ff8ab310000 - 0x00007ff8ab31d000 	C:\Program Files\Android\Android Studio\jre\jre\bin\management.dll
0x00007ff8b82f0000 - 0x00007ff8b8323000 	C:\WINDOWS\system32\rsaenh.dll
0x00007ff8ba060000 - 0x00007ff8ba086000 	C:\WINDOWS\System32\bcrypt.dll
0x00007ff8b8e00000 - 0x00007ff8b8e28000 	C:\WINDOWS\SYSTEM32\USERENV.dll
0x00007ff8b8940000 - 0x00007ff8b894c000 	C:\WINDOWS\SYSTEM32\CRYPTBASE.dll
0x00007ff8b8490000 - 0x00007ff8b84cd000 	C:\WINDOWS\SYSTEM32\IPHLPAPI.DLL
0x00007ff8bcb50000 - 0x00007ff8bcb58000 	C:\WINDOWS\System32\NSI.dll
0x00007ff8b2100000 - 0x00007ff8b2116000 	C:\WINDOWS\SYSTEM32\dhcpcsvc6.DLL
0x00007ff8b2d70000 - 0x00007ff8b2d8c000 	C:\WINDOWS\SYSTEM32\dhcpcsvc.DLL
0x00007ff8b84d0000 - 0x00007ff8b8596000 	C:\WINDOWS\SYSTEM32\DNSAPI.dll

VM Arguments:
jvm_args: -Xmx1536m -Dfile.encoding=windows-1252 -Duser.country=US -Duser.language=en -Duser.variant 
java_command: org.gradle.launcher.daemon.bootstrap.GradleDaemon 4.6
java_class_path (initial): C:\Users\DELL\.gradle\wrapper\dists\gradle-4.6-all\bcst21l2brirad8k2ben1letg\gradle-4.6\lib\gradle-launcher-4.6.jar
Launcher Type: SUN_STANDARD

Environment Variables:
PATH=C:\WINDOWS\system32;C:\WINDOWS;C:\WINDOWS\System32\Wbem;C:\WINDOWS\System32\WindowsPowerShell\v1.0\;C:\WINDOWS\System32\OpenSSH\;;C:\Users\DELL\AppData\Local\Microsoft\WindowsApps;C:\Users\DELL\AppData\Local\Programs\Microsoft VS Code\bin
USERNAME=DELL
OS=Windows_NT
PROCESSOR_IDENTIFIER=Intel64 Family 6 Model 69 Stepping 1, GenuineIntel



---------------  S Y S T E M  ---------------

OS: Windows 10.0 , 64 bit Build 17763 (10.0.17763.475)

CPU:total 4 (initial active 4) (2 cores per cpu, 2 threads per core) family 6 model 69 stepping 1, cmov, cx8, fxsr, mmx, sse, sse2, sse3, ssse3, sse4.1, sse4.2, popcnt, avx, avx2, aes, clmul, erms, lzcnt, ht, tsc, tscinvbit, bmi1, bmi2

Memory: 4k page, physical 8291768k(1568712k free), swap 16227636k(1336k free)

vm_info: OpenJDK 64-Bit Server VM (25.202-b03) for windows-amd64 JRE (1.8.0_202-release-1483-b03), built by "builder" with MS VC++ 10.0 (VS2010)

time: Fri Nov 22 10:05:47 2019
timezone: SE Asia Standard Time
elapsed time: 3 seconds (0d 0h 0m 3s)

